31230
42107
13289
12556
33200
40325
30630
26424
27968
40844
37156
40477
22437
30771
31128
28773
32551
35599
21503
40313
42218
35287
39854
43468
34892
40645
9775
17833
13865
36493
43408
20950
34351
8731
30007
35813
8244
25145
22613
26465
20919
2417
9908
35302
27496
16170
34004
31115
42338
41426
28539
34404
43798
38904
37643
39357
42066
38600
42972
43154
40312
40410
37536
32106
26905
30396
34892
29779
42018
21591
27104
22824
40883
39278
29994
31157
36647
43246
41883
43600
18354
43810
29743
41848
42908
13978
5276
17563
15183
38608
33999
40204
19343
25134
37217
10486
40541
35114
28119
40253
20749
27465
35039
23420
26480
23187
38362
25663
3103
16353
27600
23094
24066
25944
26811
18963
17884
16910
22108
38248
30674
21985
33530
26905
38388
28397
43698
17991
35354
14923
32067
21006
10192
30638
34756
16216
42171
23275
23082
19349
37779
39377
39380
31576
40269
36606
24357
22720
24777
30505
43997
38275
19481
44273
40372
34618
33216
44114
30026
17093
42584
43623
36298
43837
40506
22103
33585
28148
19729
39668
39849
44271
40950
26293
12733
31628
39014
28546
28032
39713
31547
6157
21889
41926
9053
13020
43403
20507
40195
16143
7118
29483
33107
21751
31878
28402
14293
40066
42747
11943
37975
17262
37198
44057
44013
14152
36926
10475
41105
29161
43477
44242
21834
30480
30942
42255
43761
32108
35563
36613
8852
44062
6680
24446
28775
34683
35631
38606
17894
16432
15295
19155
29529
15215
42726
7886
37382
7677
29163
40291
43069
26216
37175
29668
40273
37598
39092
25273
27904
44229
42364
28083
21641
42125
34808
42885
23786
42397
43212
29370
35806
38535
24092
12543
17694
43235
30112
20870
15613
20667
3734
12987
37602
23832
34337
6852
16764
7884
31396
32147
12517
40157
4526
29005
41708
21190
39997
14150
43298
29410
26233
41374
5872
27978
44237
36381
30697
37941
25050
33996
37649
30137
40093
33672
33828
32856
43701
35425
44065
28645
43936
9309
18131
5536
16098
27886
34745
22762
42689
35955
34497
15989
19414
39612
43870
26570
31268
15867
27729
38428
32807
33166
27090
44225
42875
34277
22230
14045
12314
42310
42571
42717
28147
44517
44121
37748
23187
26755
43667
3881
26711
35574
38833
42859
44136
42427
31312
43841
17648
16619
33233
8816
20451
33144
24025
36660
19843
13351
25049
24353
29508
21087
24131
40549
4166
29634
35743
32378
44306
31725
39166
38197
10790
24870
18418
38499
35264
26786
14185
23949
40619
32190
22332
43820
38277
28234
11709
19884
33217
30853
43912
38837
34184
35883
26379
25849
43548
28027
29051
42104
41359
38270
26110
13795
30678
23138
37022
38268
22946
40714
24368
37689
18821
7719
34233
27366
32449
33246
39655
37848
26645
19043
38464
27547
43714
39634
23242
33194
43013
34336
23011
27485
36566
42780
42324
37947
38047
32965
42977
38574
28996
32970
38748
41651
29601
35937
13574
44142
40757
34204
38580
17269
38317
22460
30135
31632
5380
42731
42844
2081
43511
14819
30427
31386
14496
14669
17162
43553
34511
42751
20126
19761
43305
19335
14133
10901
21112
25201
43374
23508
39533
32630
35231
43827
33704
22789
13899
22156
33494
39513
42241
28806
44591
33569
42321
9561
18523
29075
33484
42101
32131
43983
30428
24240
37642
43233
17856
30018
40541
27652
33060
21851
30277
20221
43417
24323
28477
26523
41157
44088
25781
37798
40336
38882
19495
33711
38167
42640
41127
33335
27356
36974
17586
38853
22752
35431
40646
29854
44243
14119
42276
37575
29829
33955
23018
13250
30751
39557
28574
38977
30988
23491
3128
39544
10659
26881
2903
22327
19913
37422
18246
31978
44222
18939
30629
35106
8063
18248
25018
10444
16882
21400
25485
27339
24520
39815
29681
42218
24924
17166
24948
22165
32936
42532
44336
22309
41704
43219
41876
33582
44191
28738
31936
19302
10010
19883
9453
34481
23027
41814
43293
32899
32157
25930
40482
22028
23085
10065
35636
41891
20644
22777
23715
13608
23429
31599
41290
44259
44009
18174
13537
41553
37153
39203
31137
25916
18729
29664
36818
28856
38195
38817
39358
22284
12619
34205
20673
16720
39685
29473
43915
19782
5021
38594
37806
35954
34982
44581
34382
20435
40971
19811
26105
41098
35970
34280
41832
16251
39911
22197
16400
17189
31002
33816
7520
8258
19972
16455
35382
38848
27783
34635
25451
29743
28506
44163
35199
20512
12623
11799
34936
43071
9514
37467
35920
43379
33077
37298
34705
17022
43608
27012
34066
41289
41560
13340
26320
27755
43206
11151
34509
27701
35451
40825
42593
41574
40974
23017
33191
41820
40864
41803
41618
30217
16875
19907
39606
32246
42287
38085
16216
2992
8031
32465
6192
18341
23067
31785
33784
40045
33599
40672
28639
11580
44651
32442
36399
41807
40510
16662
36779
43625
43308
34305
27419
35010
32827
13551
41326
37135
21309
23536
14352
38832
42984
42104
31395
40163
17745
26923
36294
41547
14615
28052
36050
38280
11392
41758
36425
33042
20110
11025
44515
40490
32942
43812
39650
38966
21394
32280
42080
10397
26814
30983
24744
32231
44233
8377
25163
44153
24770
14860
22561
39293
22364
28626
40490
36788
22472
21568
35023
28610
44569
42539
39344
42076
36711
21422
27176
27346
42909
24031
9497
14331
28162
19581
41230
38473
44689
25258
22288
30852
43733
24240
40428
9300
26594
12976
31109
41226
28299
30379
43040
42508
31045
38205
34838
44520
41547
26406
4151
18641
31952
30311
28884
30168
14745
39069
26693
37272
38402
33594
38223
23050
31922
31575
42546
9128
32796
44242
31433
34548
39197
38239
21997
44597
38800
34356
34381
31703
17824
40374
32117
33933
37374
37663
34436
15827
37760
37017
39639
20480
37040
26193
41247
34162
37008
33433
31032
26024
36249
28633
29414
29926
19171
39231
9943
20766
37753
42755
41119
43258
30440
15934
23750
39140
42753
29384
30130
24664
13952
9025
40327
43122
28522
26488
44427
20938
14717
25118
44645
32859
14768
41331
42776
30738
24305
43752
26024
36358
36000
33568
25718
42413
18370
28190
39879
30367
8225
37717
20544
43574
39717
26631
34509
44315
20403
14249
26919
8526
31814
37079
37354
26890
30032
23387
42432
35226
19944
3910
25714
32185
39342
38377
29986
41666
42309
21569
42798
18632
43539
9048
12486
39236
31363
43467
29952
42633
21579
37020
36607
43656
35684
29814
38380
25788
19170
31056
22565
29623