39637
25002
10974
43993
8962
40180
34259
44579
40859
42796
13912
33880
19381
34279
31405
38143
39982
16817
36886
36573
38528
24586
41956
35484
33535
25136
29103
22502
31779
27256
43241
16629
27401
42878
39762
44568
37001
4545
33211
8247
22420
21968
28889
41191
22939
42919
15496
20843
43421
34924
7111
17639
34778
42334
33106
8874
34366
28393
36140
14274
36090
42728
17324
38834
34231
24176
39725
20032
39006
44552
42595
38049
34773
36347
22062
26283
18099
34413
21727
38482
20596
42605
24824
27061
23825
43419
29359
35136
38374
34662
31057
19108
30505
22321
15725
42883
11129
42842
40874
33122
11850
30669
20708
33889
11281
4736
40045
41171
41411
16424
30612
27067
29699
22736
29221
39808
38791
41339
42579
39453
18116
30996
35452
23779
34548
11368
20066
24489
34202
38636
25724
41435
36073
15307
27413
37635
17379
30214
34545
44417
34643
27593
26431
14386
16253
37501
43740
42536
34373
34517
40941
39438
36976
21444
43672
39178
40365
20952
33892
42444
37968
34136
33939
26227
37626
41056
42722
27652
4064
33605
25824
28144
28131
24984
4784
15664
28714
12869
40392
33086
25053
44464
39776
41199
42741
25429
42879
44275
38539
41033
22386
32321
43246
31908
29646
10139
24059
25934
37935
24800
31098
40896
41984
21701
39603
12762
34519
32641
31960
24629
2389
41475
4297
25939
39355
36643
39674
33692
10414
21101
22636
38826
22591
33368
23629
40165
9245
31628
15821
19285
37324
37710
44124
23300
35173
36352
25009
13233
35565
30969
35705
29961
31293
36356
36688
31654
44631
37919
33243
42646
15636
33280
31191
40122
18526
12595
24143
14366
33319
18812
14165
19989
25177
43063
40509
13887
32388
25248
19021
36443
35835
40167
7420
36070
14152
29770
38570
14482
8548
39246
24850
9095
43942
29213
28897
21263
33841
40960
14875
12545
35690
33367
43854
22284
29620
29917
15765
44619
35099
39595
40805
13180
11519
42052
40541
44258
18939
31516
37816
29374
39441
24539
22710
22499
34204
43111
43364
28323
14714
30762
33456
39361
38739
10034
18153
39416
31214
20153
27761
20462
38320
10825
42763
40715
44414
2513
25635
37101
44273
33744
24392
35505
17764
44560
20003
15611
42064
10142
44355
40197
41001
18441
19669
40533
35287
12354
16865
35559
33846
24505
39761
14331
38097
16105
17171
23518
31458
19092
31872
44462
16950
21194
37155
26950
42414
38533
19391
38873
37579
24482
24945
34761
34713
30195
32568
21940
30736
44617
40106
30767
16606
9371
18338
43216
41423
40040
14871
15224
33288
37775
23813
37815
36265
25302
15304
27171
43763
38889
15797
24835
38336
22163
39534
28337
31173
3316
41117
15558
31979
38176
36961
36118
30251
32787
40240
43793
18457
32752
23327
35701
21024
39653
25050
37611
44044
32427
41707
11683
20948
29175
23495
27683
38724
28360
26907
36244
38863
35478
33879
38887
43200
43759
16898
42359
25611
34730
3162
39466
24590
34457
28948
22473
37979
25016
34550
42764
8610
18335
11797
22435
31617
39651
39905
38827
38474
42834
26630
9039
36901
41730
28092
14483
32600
26512
38234
15632
34906
22843
35170
26151
19888
17288
38873
29213
15524
19559
28864
29854
31100
39604
33009
36986
37771
41989
38457
18203
44528
33572
35069
18634
31261
44394
28786
22840
40434
38797
28448
42770
43936
16742
39318
30894
42249
35910
13440
43286
43600
34204
41084
37746
22237
21077
35171
33297
38598
40043
38801
41875
39233
41073
25087
24190
42543
28016
38731
14936
33023
15326
36544
32281
27972
20353
21040
31972
38127
40543
24472
41102
43974
16050
37921
29875
36699
29367
35990
43886
34885
41120
28986
3868
36571
18918
13449
39340
43269
39564
17802
16700
25929
12231
20768
33493
21587
15394
13543
42352
11599
10071
30309
18340
30914
44275
43576
5454
34486
34463
19387
38180
26514
25370
39637
11408
26259
37039
27727
19723
25595
44054
40583
13344
12018
8354
9307
37322
35536
38740
23971
26185
29515
21123
25640
38812
21349
19184
44064
32951
24509
39566
19852
37324
30760
21213
14568
32470
32461
32142
22309
17495
32815
16395
42896
35590
30070
6732
15628
38751
17694
18669
18597
25614
40060
42398
40595
31400
43925
28067
20857
9308
40813
5801
33196
39278
40671
20205
26814
28103
37066
27873
39700
35098
43942
19742
16296
6000
39598
41680
43416
11326
5724
41182
40939
34240
14904
19571
3742
17374
7261
23689
43448
38245
33201
6906
24073
31955
36035
20548
5276
21017
9704
27325
32397
6824
27133
40959
17288
42745
23656
32471
29074
32271
19657
9893
40307
39637
40183
12716
25605
25684
36795
35166
32204
38313
23121
43211
6725
12477
34718
41713
40988
24074
17647
40211
23869
37711
43517
39599
38091
42178
27140
43954
32917
35572
34912
38617
13177
41275
13886
17885
34851
29752
25958
36787
28027
14301
44373
34258
43155
41351
36016
17870
33571
30533
38703
43117
21204
12003
40050
34759
31073
37600
37930
26816
28818
43976
32510
34023
20714
22169
38133
18621
27405
42171
44541
32672
35922
37421
28499
32606
26898
22810
35594
37048
44601
32659
4842
25475
8033
35444
28652
9951
41835
8111
30072
8191
17100
40451
34869
5367
44437
32382
27596
39412
37480
41799
28750
39040
36981
43573
17401
25529
43281
15181
27903
43721
37005
35897
43562
35731
38769
34361
22263
12136
40866
29386
19200
40190
4581
16840
23470
6351
34600
38531
40638
25991
30208
38993
14823
21986
37876
34626
39917
19740
41269
37808
38731
15526
18419
37462
24106
30721
42441
24439
35861
34048
30327
27404
38733
40753
40154
33381
18051
28564
31290
32623
39728
26915
31575
34701
21117
32376
35585
35231
10322
13590
38393
43618
37073
42626
40645
39043
27118
37722
23025
25261
38847
36436
22614
12096
26560
4460
38220
26821
15376
40330
38613
41737
40832
44449
15117
33209
14660
43476
24167
21749
19600
38242
24118
9584
24182
33356
15475
42651
43722
21356
10777
24623
29986
29125
42589
41572
40180
42150
24389
21399
35044
33892
22730
36687
31757
34355
33042
33409
11476
33555
38623
34395
25207
37327
39223
15718
35605
37088
36692
26834
41495
31368
31532
31300
33274
43779
32610
33541
16981
42879
43026
23433
39705
11208
32400
13028
29345
41419
29501
22288
40275
37188
42525
35672
28920
29232
36011
21425
40903
40022
34639
12293
36042
35506
36400
27065
40489
21393
17433
22613
39242
27394
41414
30565
23460
32273
34412
32288
41524
13033
16340
30449
23444
19559
31720
36888
12781
31143
21329
23282
29349
32875
18384
34443
26723
26315
30119
20955
40589
11741
10987
31097
37046
38759
40196
41240
38923
35418
24568
10285
41358
36983
11354
44242
5171
11294
33341
31285
38774
37829
14760
19418
43601
36043
8282
26197
35603
44630
39093
29998
43267
44718
39714
9809
28194
27234
32384
36159
18423
30961
41954
40526
23609
35243
40718
31192
38846
43555
14370
43862
25772
11294
11674
32105
19650
42381
23660
44494
24169
35174
32665
30329
20003
33185
28566
36073
8934
39419
6351
40601
39071
27961
32489
44639
32188
32921
36996
35594
40860
22755
41157
17766
39915
33501
40214
32506
36046
6367
38065
39247
14367
25374
35482
30514
19214
29733
44030
11071
20606
41831
26745
2580
18009
26205
17733
33714
40964
38375
19945
34784
19166
44115
39343
22450
23666
41696
34893
41343
25619
10306
36140
28052
30340
43504
16567
14490
6904
20551
14364
38893
27502
9577
40995
21662
32634
25788
42762
40947
29296
41703
43568
41688
31244
20050
35830
43829
33971
21071
41811
26809
31589
43682
21458
11186
7968
19194
25017
34901
15759
29841
21781
44050
18045
37444
42983
23783
15559
28628
12602
15673
20023
14909
24441
43556
10951
14035
32601
26812
12552
35316
32912
3409
32758
9025
30611
22340
35542
41336
12646
39782
26312
44583
39712
43113
44227
31536
43259
23396
6859
44492
44401
28322
26795
33498
29934
40409
5722
26423
18484
17572
32114
28806
27656
22906
29500
21000
22743
25387
36403
36854
21904
10257
35121
14741
42194
37411
27913
7980
41587
17159
35929
32401
34175
16967
33908
40475
37908
44665
17890
30689
12697
33766
20479
34219
1902
21604
18380
40489
11765
25609
43985
40925
23814
14330
42025
14879
36225
27390
25178
40456
41043
42489
34526
21337
32959
7147
44120
38040
36644
22009
36589
27402
18513
19925
40354
16202
30029
21470
44512
16500
38243
41461
36392
29314
41719
27051
25153
18124
42315
41705
33939
21070
19823
36329
42639
34533
32709
22540
41816
42406
41193
29401
41188
33527
24336
41816
37436
39210
43820
20005
42693
35586
34290
34926
44520
7671
39963
30707
43767
23395
26189
22485
37948
40721
31254
32299
44017
38027
19510
28646
18190
18527
19879
38042
40243
32781
42238
32388
23273
28920
8188
37926
9964
31564
30058
39589
43521
44522
28676
38425
16892
21491
40884
37896
43654
42617
25237
7941
20945
2840
35549
25208
34485
3463
42032
38303
35569
1914
25721
41410
13801
18478
17332
26278
30021
18811
22584
17700
17829
28371
35316
42699
14271
38941
40354
17567
34074
37608
27637
44342
38996
23375
35351
34784
36684
25481
31917
27794
17146
27398
44226
35747
36609
23564
23498
23647
36671
27712
35169
33350
44137
44281
32786
38198
16663
44310
37661
29554
15604
18331
35138
27715
35053
37304
5486
43568
32033
30289
35379
28594
22993
12579
28790
29603
4745
8965
43180
39158
34002
28115
44323
19894
30611
37741
23532
42303
27935
38842
30018
14595
37410
6962
23067
36278
35201
44081
40247
42363
12929
19428
28095
25719
41966
20462
17702
38188
16914
15031
23533
40953
44309
43308
43958
15764
43208
42484