17739
36500
34808
27069
18919
19968
44693
37004
29580
35033
22005
11268
31858
29801
23583
8069
26161
37246
17939
24753
43248
14049
34650
30345
39547
29777
13771
30263
38216
40243
40834
39357
11985
20747
34263
23262
7693
30740
38567
10928
23954
37102
29220
30486
38272
35923
41438
11003
23485
25633
19976
36678
21028
23668
44541
42192
42164
31822
34187
27069
44014
30061
14302
38995
27962
33087
31150
23863
29818
13618
12719
39922
42601
30776
29809
36692
42604
29360
25491
35824
10356
26085
20980
42316
24597
35408
25048
30892
30646
15264
39856
44214
26281
26634
32829
17948
14879
40081
43259
38510
42889
2123
30587
38443
37626
22246
9531
29390
38034
26031
39706
5707
24262
28043
12677
36982
37818
42505
39769
38495
32405
41362
35864
38866
15798
5251
30524
32835
32722
24175
25601
12139
33834
26294
35768
30018
44080
34045
32383
30145
40859
21842
28573
41003
32865
25718
19321
34017
43463
30037
39856
27973
23913
34172
2165
14099
22094
7782
18885
43311
44413
44634
33081
30067
42939
30701
20745
32754
44374
43788
42555
41404
22546
38489
33810
32693
33911
33281
6236
25391
41461
8939
37058
34587
20430
18226
24306
35265
40895
13592
20747
28906
12675
26536
33176
36283
33043
16708
38545
40085
30828
35446
34146
10500
33492
30592
19615
31061
35250
37035
42727
4629
32161
31215
37570
37677
28644
26256
31115
30735
3068
44630
39218
26026
34229
29398
28375
25842
40042
39405
20536
26037
36624
39471
26226
32547
34115
44347
37168
31580
35132
39059
38391
33405
38174
28274
30326
28334
42547
40276
18800
24986
40591
42332
37196
35191
16662
44269
27717
21907
34933
18675
13638
26395
42065
22065
34415
37620
20403
37099
31695
35905
26228
22917
22430
25703
29894
25985
26584
35122
36760
17441
25501
36325
43597
12416
44011
31344
32032
37879
12910
7687
23252
2582
22941
39558
43585
22084
39299
39137
23509
37891
32435
24784
39666
40132
42302
40760
3280
33406
16371
39514
37800
30281
34655
22812
33986
21004
42274
10745
44414
17355
28132
36931
27465
33648
13624
42479
43197
41240
42743
35234
29137
23503
34546
40263
37937
24855
33185
18778
42196
17568
36711
34422
20826
28956
30663
8514
27751
44703
39133
23744
19162
37153
40550
5235
41310
23937
41757
5463
18685
13097
33735
4804
16630
31531
43422
31347
20113
37590
44090
37336
31641
28171
17800
40713
30587
9520
41295
24733
24511
20952
35758
38505
26447
40127
32048
40167
43954
32741
17646
38676
13785
23742
40650
19379
3218
37624
30958
18241
20454
25318
23445
38964
23588
39243
27871
29951
35400
23010
21639
32101
17264
41658
38874
35216
41636
41186
40551
44128
32017
34364
35266
35424
28457
7697
23454
41773
30187
27653
42985
35930
27940
36058
37597
27968
37750
34234
29906
39529
15972
8440
7565
38634
32184
32767
44478
29953
19631
35078
20834
23192
17689
38938
27957
37626
27937
34766
34254
43234
33104
41829
28663
32522
35072
39830
40650
33024
25877
20745
38076
27601
44291
29269
37069
33911
42611
20834
33312
33359
33389
37357
16797
28804
13882
6240
43791
32619
44178
44543
24608
32009
31767
30888
26061
19903
34058
28644
19288
42118
5790
43498
28914
23987
31327
38575
10910
44455
10005
33903
20697
13488
10474
11130
37372
15939
37165
29271
21765
3289
31705
33870
15656
16157
28104
21744
35934
18441
34469
35191
43019
42834
8658
43904
33630
34868
39644
21345
23284
38875
41657
35930
9978
40439
13733
25874
29295
13375
41587
33623
41508
21644
43267
31952
5053
29892
16389
37849
38911
43671
30619
31578
27688
34959
38694
39180
42396
18792
40902
17608
41000
27340
30083
43285
26051
26402
41601
39676
39144
36247
14563
15157
39957
19036
42330
35725
44424
44477
42498
40805
32716
20051
28107
26075
26258
25527
40361
24304
38854
11594
32356
41073
44152
41400
32006
9782
44328
36036
12483
40965
39079
40181
33434
40395
36096
39952
10377
24610
19807
24355
29828
41665
42637
42011
23587
27281
18862
31334
34917
37696
11287
17049
28159
36450
32736
41483
10778
35806
34139
42078
40497
37816
21306
18213
42028
20291
28743
34738
25881
29432
27717
35440
22767
18238
34105
23182
7713
33595
28768
43186
41339
31792
21317
26674
35165
36282
22814
27711
16118
34746
38210
41714
38964
24290
42528
39431
20162
38308
43716
39658
33080
43674
21717
44422
26007
6104
12209
24597
18025
39955
24283
34651
31779
42455
30902
39417
37041
40138
36730
39037
29525
31706
31531
31389
16057
27456
33344
20039
22971
44052
33072
12288
25860
16433
44488
7965
40176
11046
19031
43902
25442
35790
39709
42590
23677
41437
40859
28071
37805
17566
36031
28919
44519
15003
13949
12778
13721
33325
23456
38061
28379
37401
37791
43812
23198
42822
44510
30149
12691
4286
44334
8288
41160
37471
28455
28157
40053
43981
38013
35526
35609
21305
13704
43033
29357
36843
34841
35055
27295
39011
25236
30485
7245
21439
20244
27607
35362
10217
38595
24149
19915
20759
9039
16962
43535
31774
34555
27278
20693
35080
28582
18643
32053
33494
42749
42110
27916
36844
17381
39042
35415
43567
22338
43655
26734
28773
21942
28517
43219
36192
36118
21499
32978
9280
10374
35594
30199
20261
22083
27990
18057
24490
23100
24095
30326
39042
43623
15065
26698
17079
29350
20653
14193
38479
14902
28001
43136
33208
17422
40879
27652
41189
25148
38287
42931
30995
38969
29893
14948
29227
35571
31424
40836
22991
25488
25302
38533
43043
19492
29803
29574
39753
31789
35771
41357
10353
11863
31554
39192
43857
35739
33878
39275
17570
21793
31604
15619
33983
31522
23510
39799
28694
28969
37102
9919
40051
19457
12193
43090
22340
30619
33719
38844
44203
37305
30734
41469
15461
22404
33309
36307
33432
42982
42051
40275
31321
29884
22282
28805
40303
32292
34277
33703
22606
9041
34751
19729
27535
42227
43775
27068
26790
34703
30096
18519
7543
21019
33986
36773
16343
33636
41578
41385
18495
43169
29812
22182
42926
19646
37309
18693
6607
36408
31058
28961
40609
42271
13765
28321
16125
43217
17247
18831
40921
32168
11734
32330
26626
24502
40822
4761
40659
25636
38499
34214
17042
39038
40259
27995
36109
10075
35640
10721
5385
34168
36445
10839
36948
40767
42164
34411
43579
30402
22628
42121
40683
43166
32769
29815
39643
40466
40558
20331
26411
32425
39472
35369
23382
13023
37375
38508
27458
39774
30656
31184
37596
38211
23264
21881
22559
41565
39635
22090
5026
29014
13030
39718
17869
33562
16781
33432
26839
25390
42707
23369
34822
42592
35172
32529
42220
27322
44045
28116
39641
23963
34126
37923
43043
31375
17531
23283
23081
42786
22799
35662
34846
26972
11425
20561
30672
28188
12654
44438
4013
35738
36915
21902
39604
35172
23996
31374
32214
16615
43790
10846
33839
39843
25800
38141
23149
23547
30189
30551
42473
10678
7324
38351
34475
23947
33878
18779
17023
32304
11411
35123
33110
28010
29719
44320
43893
28316
44190
34752
38337
40537
28013
25834
17281
29671
37567
19189
12586
31712
14788
12129
23675
9341
25259
34400
29178
32620
42075
35220
41053
37966
26421
26784
27162
9247
36879
8135
42183
25629
24452
42256
38461
26219
15707
36037
33367
17969
19441
34564
44616
29077
15563
28931
36664
34646
25411
22298
38034
33080
41358
31987
29903
23784
17207
27629
16410
34508
43116
40027
42562
36623
17473
35286
18427
21639
24992
20996
12780
18214
42496
34962
28428
8287
40164
30425
38986
32700
32935
32688
20440
20257
33315
29456
36074
17864
41845
34381
33111
20358
16286
37256
35054
10286
24308
34941
26731
22437
17740
31074
42292
19994
39661
33534
26138
35997
29843
36378
40708
26971
19279
30209
39686
16638
43230
42209
30405
11498
14401
25113
25781
5243
34430
32454
21891
41394
25258
42350
42781
41889
8410
20800
39810
42294
21338
36967
36550
24416
42798
9553
32922
34491
30568
30806
36164
30537
17623
33209
18566
24893
13218
34326
32506
41751
18866
35875
38488
39774
25396
38745
7822
32938
39148
12163
29849
40352
39465
37023
19149
41886
28340
39928
35063
32181
36427
28647
4494
42922
42909
29813
40841
35128
32711
30377
42248
24101
20672
25706
42018
41894
33947
26817
38065
12866
14864
43791
42403
17762
24160
31649
11371
11124
40576
44679
29011
29775
7590
38065
26841
36424
31336
41090
33654
17511
36160
35151
12682
10005
20924
21728
35680
32535
31832
38992
29863
21295
33789
19047
38591
31525
17598
42873
33053
15605
40065
17941
36469
38012
38840
22069
44542
35824
26910
40939
27473
15762
42291
28571
35781
41580
38673
16327
12295
40496
16958
10376
14888
40709
28501
28420
21058
27438
42913
37472
37632
36514
24083
36224
2087
41921
36206
31489
38688
41558
39375
29016
31286
13040
8396
44563
26569
43930
28590
18490
34666
34537
44290
14789
16929
23870
28150
10724
31982
35461
38524
6319
21523
10846
25844
10086
21477
38975
13110
43246
39664
42392
26937
43647
34391
30134
39370
26618
36241
35503
39389
24616
25380
26973
35460
42964
34508
16903
35433
22327
17678
32536
42508
27787
34710
33141
40104
39030
14051
42698
27476
20583
38534
23315
20811
16868
42166
29276
33835
44168
41525
35122
44315
40973
24599
23077
21069
44388
43367
43378
37263
12983
18623
40886
37807
19262
36063
26288
15663
34842
37636
23870
41367
17529
42341
27448
4342
28346
35838
11059
19866
10590
28547
38152
22681
22091
6494
23708
33919
21173
37511
42800
43213
31591
18023
8234
44676
30033
16555
27295
11140
39620
12271
16149
39516
20083
44280
30907
16145
29913
37815
41309
40865
37114
34184
31873
18586
17294
22894
35751
28996
26947
25078
43663
44412
11218
44658
30991
44499
44267
8367
34305
27507
35423
34099
39184
29490
44369
27834
41564
25400
39364
36099
3888
9724
19330
44636
39246
32549
26858
32232
43400
37980
35618
37114
38620
24237
8764
39012
17001
32485
32834
3656
41922
17762
14755
9619
30741
25685
26977
28866
43166
39448
13990
32861
43847
35138
42405
21830
14089
8366
35563
26775
19406
28336
38271
43125
22215
22929
26475
13459
23184
26950
30169
11375
16813
15248
24354
16618
39443
26902
22914
28071
43388
36592
34070
21977
6510
42861
24122
37863
27993
7776
30617
7316
12719
27843
27932
42350
34639
9216
10773
25798
43685
17221
9314
28590
32958
9370
41411
28340
42834
36310
6547
38332
23633
31637
19680
2216
21346
39862
29141
29030
27714
20301
44367
35276
24698
26865
29713
32896
14519
36976
43273
9062
18526
35127
41212
7248
32732
13275
10866
35298
38739
40477
32352
39473
42860
20656
35407
33225
24789
24504
17819
41746
29772
24325
21021
22781
21826
21252
39462
36752
11836
35977
34326
42765
18019
16706
36774
42111
22689
28855
15247
11180
41507
27318
35575
25457
29316
44353
24147
20530
20732
28274
38951
16000
8225
21132
42930
26205
38758
33895
39841
11036
43948
39921
34274
29973
9908
26648
36843
11099
8641
41918
32753
41827
40985
33685
31254
16233
9625
17135
32171
19063
16629
29270
21947
19984
43933
35393
21866
26846
34425
31986
43572
24989
30285
32709
17048
42233
37942
6636
6329
17783
43133
40041
42613
28231
15844
42354
17110
43676
34100
24476
15906
24827
21328
40777
18590
8680
8455
38870
42662
43844
23094
19454
29097
34515
15050
39536
30210
26017
25906
37588
43503
30974
22414
33960
24353
43569
41244
41816
15569
26180
34856
7463
11947
42093
36296
28269
28408
20627
30921
19313
31317
42438
29661
16067
39927
40414
16057
40456
28872
22139
33780
16865
35926
41773
40182
23789
42423
16633
43723
43537
43740
26867
43980
44050
4182
40483
16125
42052
6650
31708
17501
43586
36077
25846
18080
28747
34652
41548
17333
25496
33936
34272
27441
25014
12798
17534
9960
43255
44344
43315
41682
41004
42193
18538
40712
43373
32233
34104
12024
20556
36508
33194
31473
38355
37026
26078
42637
21030
27690
25909
29877
29845
40827
14526
23370
18027
17234
40112
37215
16298
34948
35231
4835
30604
40029
35616
16947
12279
26286
26609
30148
40830
22810
43921
44581
22006
7714
19718
35091
16299
43419
39287
31218
43418
15578
11159
12534
31300
43606
10967
19765
29569
41315
11428
28916
15189
26374
33818
23048
15704
38375
22106
32744
14804
21492
23858
6513
13408
39287
34714
37449
21738
35040
31928
20277
39077
37005
34120
23261
40186
41983
10923
13987
33174
22363
32752
32639
40014
31535
44195
11270
17303
42753
34109
43857
41353
37885
39828
30639
31448
34207
37295
30127
17851
42584
38020
17080
44106
40218
23784
40120
31360
9698
40959
37574
39495
21600
39193
44331
29318
30895
17399
40503
12339
28666
20179
33190
44533
44452
30734
39674
37015
20357
44424
11510
8974
16919
5047
42910
17507
19285
36853
14526
16313
36434
36458
38005
31567