38125
33334
30488
24809
19556
32491
26146
41468
39827
20779
35625
26710
40709
38025
33054
42350
19975
34564
30981
37562
25821
41414
39729
30687
26950
19105
34586
39546
22314
44349
43655
17191
13907
43642
8312
44648
40567
40231
22069
33480
24945
43834
31961
34454
27819
14186
22387
31505
34289
33321
41872
26241
14852
26214
35021
20198
22846
26919
37702
20404
24847
25616
39333
20723
11548
40350
25416
36785
21671
43181
30396
16495
37747
27678
34383
36172
31480
38391
37720
6405
23192
38607
28825
30178
38689
40376
34599
37698
28367
31744
23409
30213
38588
29611
39551
44486
16538
5226
25793
34354
34258
28213
12943
33660
14713
41517
27651
40955
29597
28306
11234
38224
36324
36053
33120
40786
31273
32352
31110
25383
17573
8330
34860
42155
42821
33155
30666
21141
44190
23125
6358
30706
30057
18744
30139
19022
31639
38181
28646
20861
19720
25166
27458
42433
19828
33534
29214
17141
17609
36172
29704
29494
25398
40453
17279
41009
37697
33879
38431
42374
27760
27626
28179
25605
26838
37907
41902
36163
22740
37360
28191
34229
11848
42283
35967
6880
28711
36355
6590
36506
38061
26221
6397
20758
18191
43179
13313
26396
3199
30674
30494
28512
22102
8127
37674
37815
24321
31648
36718
27588
30025
25506
11434
39936
42371
28678
23566
36101
9038
28741
41888
32796
20110
39449
20637
21038
5026
30052
32823
20169
17976
25754
22035
30321
19828
44394
17271
30643
11378
2970
20172
44379
18857
38531
43961
43724
10791
36616
21089
36418
36891
25395
30279
31481
29736
26396
24321
29687
12498
38326
30454
25038
28914
42892
42106
41318
29687
13268
44037
40826
37199
30839
43812
44477
32371
17427
44099
5533
34134
21454
35469
34250
20316
25687
36300
38830
41476
24536
31175
13310
41455
21210
43775
28967
40346
39385
9791
27670
36218
17900
14545
32913
30960
25344
9554
13543
28689
5421
35149
34001
26250
28758
27898
30726
43068
19111
17137
40451
39413
12990
10563
41802
26824
25638
19210
20842
24898
43049
32422
26732
23131
41268
8612
37066
29645
28919
22201
36676
35293
22049
39739
23887
39350
41889
16031
43791
11883
26970
44324
39171
25219
13282
41908
39943
41854
32817
35251
37493
40013
43189
35329
42400
34270
40323
21245
18999
26617
36169
30337
41816
13172
36945
37296
41366
29450
35213
30738
19032
44056
34806
35968
26684
21917
33364
8568
13643
32280
34264
8437
43837
43399
26649
10198
6935
32074
21270
35810
15213
38154
10448
34630
38558
40920
10351
35061
44705
33823
34491
13786
37702
23228
32792
34979
31511
27718
40655
12867
2666
25139
42645
17176
40382
36300
29031
43288
24832
13922
34167
39004
16002
44594
29472
29465
17743
32797
41562
18365
27670
31841
26192
36443
32121
38510
18112
25719
5259
19648
30203
19549
15669
32424
28460
20464
19831
26868
38131
40641
20000
14383
22026
44113
44632
32051
42097
11392
30757
34618
20251
18668
33211
25941
33768
13799
34705
25840
35453
26756
36718
28980
31112
21756
26266
44107
25134
18492
27166
13341
38901
26678
34249
23997
39399
41518
11932
40893
22529
11027
13985
38747
44169
36959
7235
27779
41938
33386
23107
33337
37192
33565
38522
43197
32503
40755
34301
26468
26932
29326
14286
20087
16014
7028
43545
17310
38526
34612
43669
37582
31895
30601
42064
41536
20493
7022
31576
39121
37597
34411
42382
22358
24020
44666
44579
36588
37926
44528
32395
43384
26840
41794
37687
37467
44705
34234
18532
44212
40658
39299
39294
21187
41121
35409
30288
34261
38737
40960
36297
40558
20002
16149
20476
19144
15608
16277
40587
4822
44099
23991
28566
23941
38386
19729
44035
37643
38082
36191
19628
31149
37432
19612
33413
33487
41380
24698
37414
27604
16544
34325
23334
43447
9418
12772
34164
32835
14280
41091
15921
34802
13482
14255
20798
42870
29134
19003
2001
33700
23179
17021
22313
40465
13095
38358
37421
35899
19770
41199
30507
37569
33065
21511
43647
25683
18430
27284
42901
22810
44637
23045
31553
34248
24466
24081
13829
13869
23655
22047
42147
42142
21489
44468
32573
25326
38304
27592
28258
19774
31167
23385
35128
43925
36126
38014
39733
19514
37467
41286
9152
33023
11636
32254
38296
19634
43747
43895
38383
34014
10632
11454
42868
40452
26246
32942
30299
27435
42958
35935
35667
24272
38873
17455
37403
28368
33479
23099
28291
34269
39865
33122
16779
28769
39989
21804
37590
40087
26251
9981
39574
36861
34999
42332
43948
33541
43327
21170
28729
40832
27731
13783
43492
4803
4747
28984
23063
37657
39548
35433
14527
5845
39703
38796
39188
20871
18864
42061
37496
20999
8102
17718
29577
24952
26653
32336
38968
40713
12847
36230
21733
17629
17612
39434
29051
41762
23128
33572
23678
28517
14090
24085
32310
44372
35571
29335
31974
12482
31908
44145
27810
26085
35961
31827
35893
28532
41332
35914
34634
11557
38856
24469
40419
14926
44513
39922
43719
28950
43490
21520
35066
19322
34226
36227
14975
33087
23586
25617
41566
38971
25404
22015
27871
35634
27158
12226
36876
14915
12039
25308
35465
42311
19770
30659
41830
25478
35061
33289
34743
43753
16344
42937
38930
37163
1991
19543
39928
41842
23098
37713
41756
22715
38789
25062
33954
41077
19458
38209
24087
25409
33175
41458
42325
27780
25155
32628
23188
13044
24975
6971
41594
38038
8580
32688
36146
41475
38227
22465
36561
30215
11685
32379
26886
24254
43747
29102
36731
27832
44420
17757
41486
24602
15955
9570
36097
28669
22838
32080
32071
3712
22806
39167
31087
24734
35044
33627
34162
9201
39918
18922
33072
37377
18952
39368
43191
40638
23906
15697
17404
18627
19538
44230
37378
36395
39342
10357
27491
25385
24854
37882
44503
15730
18244
35666
42248
10866
14869
43164
40222
43573
43597
31437
31403
13692
13481
38888
41146
24409
11992
42786
21125
41953
38889
37397
36568
37323
40303
14458
37632
19983
42030
41963
25158
18540
26623
21419
23900
15165
38868
12983
40692
14759
39275
17043
40243
34342
19089
38620
12672
42815
34442
40850
42670
9085
38727
27264
37850
42984
29488
9105
23526
27102
36049
22058
35226
41896
31161
23253
40882
33569
32713
38784
39607
39253
24413
32106
40613
32086
23837
19857
42940
42972
23927
18985
42800
20840
41612
31489
42332
42651
16708
36083
40339
34169
27178
25488
33370
28600
18483
7740
31416
23547
24987
30499
38668
43066
11764
23240
9164
40194
33095
33386
24528
44685
40745
37236
40271
20368
24872
8176
39892
41670
33762
38608
38426
28457
38920
27893
38543
31547
41854
42271
17600
17082
38418
36650
35343
42002
35663
34932
21867
33604
44154
25830
32265
31609
42581
42291
40038
25800
25277
39726
24069
34025
13718
27960
39344
15345
37745
23925
28120
41582
26621
44222
27223
22612
42905
13294
31755
21918
32357
14433
34697
41282
31794
43587
7031
40844
23557
34280
28069
7027
43070
16694
40863
20540
34495
6639
43686
43565
21025
44170
30182
30619
12088
42280
33268
29164
29669
43692
32421
44421
43940
34405
44311
24675
32775
20182
9935
22466
4170
39065
28929
33441
33236
25672
11176
21976
25625
34704
34279
33053
31151
35142
27564
23452
11442
42011
28993
38082
38744
37174
30420
44362
27171
18806
23508
33287
12846
13755
16029
42477
21684
37760
39357
32969
40121
39584
34573
27918
36853
20876
11172
26477
37719
29346
8413
20475
35338
34349
23158
36725
16277
38687
37236
34146
43187
9802
5898
17418
16158
37383
19972
26882
30732
20391
26811
43581
43145
25340
16126
24916
25473
34676
24227
30070
38436
29779
5699
36041
42140
17120
29572
38615
36247
7215
36543
24751
33386
30524
36711
23394
21785
40776
40234
34627
40579
37945
24851
35058
26334
34781
34447
37028
42987
36834
29767
29263
43412
15341
43236
24439
29076
28169
42351
25164
16716
30702
7026
39271
14672
26030
40049
16773
2825
24736
20114
21200
44314
30805
30739
39832
25536
25921
17200
34274
19379
16786
33768
25105
40060
40733
8234
41324
18286
35525
40171
21210
44063
38356
35964
33486
17705
23169
35678
26813
29017
27486
32158
31449
16795
43654
24732
43082
41353
7697
34464
23492
11954
27774
38227
34697
17242
32733
40404
42903
12258
20979
16133
19605
10468
40122
14665
44668
26644
44600
31918
14268
31043
39883
25466
19570
18520
24169
27813
41718
41582
21971
35505
13217
28124
29804
34674
40603
20614
31678
34900
28142
28124
16551
27996
35624
9338
20310
25768
10896
32021
32359
12389
37614
37438
4591
32934
2889
20850
24728
28244
26863
38060
31538
25022
20502
29365
42573
44403
22163
41956
43343
43649
39041
43600
33809
11402
44622
38270
42187
12718
10876
32255
32704
17279
8115
40286
33554
39882
39853
28451
23201
13192
36293
22021
36681
44496
18826
34749
12565
29500
43142
15625
25352
40065
27681
41733
33452
39497
20573
19449
40408
40541
35929
36878
27073
39090
7666
21694
40505
42629
33540
37192
31464
30535
34388
36850
33623
19329
15729
40143
26358
5959
25321
19908
19234
38947
29767
29690
35283
41098
14329
16823
8872
33028
31708
35293
40363
20604
42793
42455
42004
27072
39795
40561
31125
33390
41029
15425
37629
32132
40661
40484
18445
42716
8263
22756
43981
42604
41723
42832
23425
32084
15404
23988
41354
40587
43424
16583
22789
41395
23976
35778
9083
40866
25332
16543
33413
10177
32695
35121
39202
43135
44526
31263
22267
43648
42386
10481
33438
36709
39095
21409
43931
18645
38855
15497
36552
24663
20658
41211
26700
33541
43334
14267
34717
17515
18277
8255
9281
39753
23021
37504
19232
43844
37425
40290
16438
43764
27060
38244
10181
25086
32092
42782
43053
41948
26343
37883
44267
31720
23490
28678
25343
28239
26653
20890
8026
18268
36233
7280
26197
29296
31995
33195
31913
12273
42760
6490
35374
13569
14549
34789
43150
36370
41117
39194
41996
39831
41406
28981
30797
12442
34856
35000
26537
16629
41024
32907
30475
26913
25046
25275
42722
35582
20788
42595
26887
41757
42270
43424
25801
29981
13466
32977
33920
37300
4277
29267
23355
25979
27648
16714
8017
11402
11702
24748
43843
41816
16371
41700
27899
29266
14290
21406
34674
38306
25202
41213
24985
5934
37710
30926
40132
23493
18269
22120
31944
33948
10090
34834
25732
22834
31910
43336
28889
38699
9327
36133
17660
15265
7786
37245
31170
41815
20274
23756
10017
38677
30740
26056
21505
29269
39927
28465
44167
44020
40517
15221
40260
26256
24715
31818
32914
20940
18275
33174
39811
38725
27017
28323
43045
34387
13940
38241
28795
16357
40872
37246
24914
39004
12661
19758
32492
10880
41395
21937
40494
42427
14298
21726
38215
11516
14576
39008
21103
42344
13617
32852
30955
33494
31545
39126
41505
28042
42057
40312
27373
12586
39794
27756
30433
18687
21911
11119
36328
25907
3793
15661
29186
25716
40843
32342
14476
26057
44573
34770
7429
7738
29300
43213
28236
18102
33658
36457
30451
13211
16436
44267
34423
35816
22579
26850
12812
40492
35273
35232
39004
42465
24639
33000
14064
35380
15085
4014
43365
32551
14679
17415
4252
16917
39049
41211
38750
31838
24605
33984
40117
24597
41708
14808
38264
41882
38589
39170
43535
37223
41806
3851
42364
32164
21969
20883
24689
8782
31589
32972
41805
29975
43088
2488
20048
25817
6352
25494
24560
28880
31720
37440
22124
30403
34993
31555
30246
17412
28095
13702
35593
39621
32722
35963
36740
31161
36610
28445
15464
34749
42689
16618
36390
39419
38525
43750
28186
7694
40942
31884
8174
13092
27337
41680
24100
42643
38023
31455
41951
33173
44303
16249
44240
31690
29326
22325
31414
16325
43259
33172
28256
14538
12842
38787
43634
37950
29476
39943
26206
23627
41268
18390
7619
42619
41659
36466
43472
34972
36773
3726
14946
36549
12267
2183
43801
17457
43780
21842
19860
44450
40622
23371
33978
37616
30286
42173
29494
23502
41111
41930
31744
36411
42317
31034
33183
40553
37707
43877
34152
30601
34197
7005
35549
38725
22227
7198
22256
25287
35249
37356
41619
34751
36060
6830
17695
43559
18583
28752
34594
29280
37184
15532
14804
31965
35584
39544
35528
42247
43214
23523
39854
37755
39380
41331
37415
23889
20673
39959
30759
28382
21959
13466
19169
36876
33056
39773
43940
37356
9005
31150
33499
37630
3725
43541
6312
31419
12720
37675
35464
33220
42508
29985
37990
38926
44153
33870
6647
29466
38123
13539
22449
29516
16838
27050
37975
33231
21022
12611
25388
35899
32336
14278
20203
15073
34774
25246
27863
8345
22667
43049
24424
9450
43021
14064
42416
36052
36045
42455
18778
12017
35365
38555
36540
17391
25233
44630
15930
35304
41737
35209
16940
27025
17874
18058
31029
24749
42153
17625
5278
24339
13727
26720
31596
12218
35114
30397
43530
26582
18445
7539
34184
37906
43866
27370
40458
43282
44314
25461
35657
35057
20683
7780
32405
30931
38921
30007
30366
35360
29252
43069
19725
31582
26651
12339
4043
38144
9467
37041
31271
29886
38722
44636
15722
20844
41111
32069
37803
35728
15410
25832
32538
22141
7233
41892
36845
43066
14803
30725
12159
35763
40133
44235
9960
34218
26599
30277
32301
16608
20764
28549
39540
43605
36369
27704
30387
22017
32500
35497
41376
10772
26074
43191
27533
32974
41007
43740
21803
42408
5872
43515
22334
23774
41724
44709
41422
43331
24315
18357
41407
44589
29575
33345
37479
41411
10280
17191
34038
33197
41240
21221
23769
20771
39181
31827
38552
29695
41254
18359
22342
43689
37998
43041
33823
37813
25424
28193
14951
7697
40057
24332
18685
26010
32821
14507
39672
35551
37748
41482
21970
41995
21439
32792
37331
33083
34165
13232
19810
28661
37092
7694
27214
17834
33534
24568
42409
43340
44253
33433
33981
11825
38327
24824
32333
24061
22811
15810
36225
43343
27723
40345
26461
28815
44610
43221
35510
40587
31163
35502
13278
17359
41073
25040
29760
19288
37144
42953
35350
36303
19434
36303
43102
15463
43360
34775
37876
27459
10855
39087
34626
13692
39804
19680
11488
41998
18866
9126
14710
16360
37009
18891
36553
24724
44716
16502
32476
24690
29045
23140
20881
21167
14914
15747
34837
12962
32930
21553
39408
18818
39816
29144
42673
31246
42211
41745
28550
19820
38933
43644
42210
37637
23333
36439
39299
37580
30439
5947
41947
24555
28076
37929
40714
32543
30796
32075
33866
34602
27177
23276
43037
23902
25486
34249
39605
28068
14762
40064
35938
42652
38916
35429
39630
11984
26996
18634
34991
43714
26233
19026
16239
41587
38830
36581
8354
32501
44133
34515
3146
40184
27900
17242
35095
10208
21505
42767
33308
31697
21000
28942
35218
10563
34026
35140
24693
31432
35136
40499
34170
42823
25931
40460
34155
8398
30471
39788
28202
40322
30627
34619
44305
36951
43060
42273
27474
37407
44049
41107
37750
33581
15395
36305
22469
25042
34434
32251
13481
20382
28275
17502
39217
15401
21477
40440
22294
28972
44307
31873
5460
41825
37546
10434
24097
20061
35922
22267
18637
40884
25006
28399
30971
13810
40452
39633
41797
38886
23595
25895
41365
31634
43916
17425
32124
21317
22321
33541
39304
19492
39632
11000
37887
22465
17909
19997
9641
26193
14477
37243
36858
10136
36760
42716
43100
32666
38251
37616
32717
18572
10167
13553
28360
25273
28933
35075
26106
24583
41841
26092
12566
44427
24074
43462
43773
23422
33530
27390
37636
17779
14012
43968
18406
35044
41435
36897
40957
41606
7510
40260
41988
23401
24839
15920
36662
38893
10751
21582
31576
36319
33570
21536
28351
34616
33526
37918
38587
29408
26216
20697
34993
43536
30405
9048
12032
36670
33806
17033
37422
38611
42787
7623
29109
43247
17973
23662
43999
16423
23018
44345
24541
31349
35541
32195
6546
7365
20466
43327
29155
40267
11425
20470
6391
26810
31015
44280
20380
37583
25569
14501
43861
24593
31013
40778
42858
4985
16719
25508
39541
41776
7816
32826
9459
19421
43576
22170
18649
34381
37759
22263
32442
28206
19742
36182
25635
38886
33486
33390
36226
44294
43693
28492
35605
25766
35813
22759
9842
35269
28189
39998
13580
30459
24743
19297
32577
29197
42275
31034
38935
43352
43663
15621
43363
16802
44224
44199
22888
25873
23983
43026
34048
43322
33109
19356
42402
25517
31384
38362
44167
33242
30277
27870
24562
42438
13673
28129
23416
40349
27110
25936
20835
44014
34119
43543
28835
35182
23309
39856
23739
26532
42934
24514
42724
27477
28660
30591
22644
24345
27612
44298
37778
30272
37717
40222
41778
44507
26300
40056
37357
31801
13261
17123
27233
23374
44658
28974
28048
38528
6624
29557
30925
18026
42486
21840
38769
36263
27428
35057
36930
18997
15126
18652
43453
34584
23745
37472
40130
44404
24156
43525
20212
16002
12040
22602
44413
30683
40998
25210
25601
32475
25874
39256
20809
11365
37044
31735
28189
35331
25699
34921
14099
19424
26013
14559
17806
29427
26378
29168
41249
22019
32913
22930
33295
44307
31107
40249
12847
8510
27708
28259
19491
27194
25966
41584
38174
26130
43106
38212
34938
36350
43847
36688
32354
40770
36193
24158
36369
38546
29530
36707
29498
2588
17855
25325
3961
12411
10071
32587
33396
43837
34862
37917
29901
25165
41710
39399
37754
39293
25769
35389
25343
19271
21043
32994
24331
28921
21902
28783
27159
44007
33296
2758
32500
37451
5458
16167
43547
31357
24857
24330
43787
22525
35244
33261
25170
17043
37485
41705
13279
39124
43835
38923
22876
20039
26659
44300
39718
14321
33152
38635
43190
31599
41634
20214
25135
38145
34531
26882
27419
17814
44540
34797
20614
36729
29695
41658
20308
42816
19982
13162
10142
39152
38717
38865
29458
44065
38028
22252
9868
23997
44011
9943
44184
20571
25427
25960
44377
33286
33992
42117
22394
35656
22945
5736
36377
8909
41546
24401
23748
31588
40110
31313
11774
7033
15011
41997
19597
41678
13230
29125
16420
22446
34769
32477
34426
29596
12728
17180
9114
42928
32481
26504
43608
13442
40066
30682
25039
40406
36637
36875
27316
18259
27964
31110
35449
16259
2104
25298
25360
37218
37374
25210
24997
43227
39387
44362
19618
24248
43705
43320
39800
40139
33017
39189
36580
13301
36363
32413
6561
32613
37804
26928
41412
32084
33226
5768
8131
33523
44025
19733
30920
11660
29275
13696
31945
33623
35656
14363
23434
37612
39407
26290
41869
16324
40624
22991
31713
11806
41933
44139
38499
35100
43852
38166
39721
26148
10950
44300
21652
42824
42387
11460
40944
20840
39049
25007
38597
36460
28510
41755
20737
38462
16620
43352
22094
44714
41193
29646
28981
35865
36472
44270
31062
33012
27576
34153
40656
39379
37071
34657
18576
42373
15618
11823
42469
25186
37591
37746
21131
8804
27898
20734
35166
43671
27339
44668
8158
40489
28559
18217
44092
25624
29070
40118
38852
26954
22870
18935
15594
30001
39388
21650
42026
37483
21747
11420
22100
13928
38714
40970
21573
23586
41746
41724
34713
8902
30470
41416
17840
20677
7968
17409
39713
42896
15309
34653
14040
37367
17821
42604
39746
25889
3771
20875
11200
38910
34304
44352
6701
18703
42477
24328
11567
32272
32043
43898
26573
33143
18531
33734
40957
25188
24741
21648
20943
17307