29674
25422
38160
22172
33955
38841
34066
23933
25822
23350
27480
39812
43811
8609
41963
38656
31954
15154
23598
40864
40159
39333
36611
43672
38664
40585
19664
30030
43999
23960
43710
29569
44038
32593
17143
41613
27839
23721
40616
29422
42219
3444
10289
11091
20717
40257
29688
24156
40964
18199
33666
25529
39053
32244
28489
32593
11703
37182
39040
27751
42704
26543
37110
29562
4306
26172
31503
27686
40630
24864
40321
15615
40347
42775
27029
37149
2410
40848
35687
8534
31489
36552
34234
38158
10519
34780
41125
16961
39138
36998
21314
40051
10636
5920
13847
39170
27957
34846
40834
43638
30468
40817
25184
35213
41008
35567
40772
41384
33901
38555
13664
22688
19614
30978
24591
29972
20883
29858
31492
36456
32874
26255
30750
33595
14056
33815
43248
37302
34776
39486
30891
30611
37700
37696
41144
23412
33051
18808
23117
24348
33815
39395
13582
36228
36157
25677
33821
44300
33680
38514
40394
21638
22155
10692
33414
29488
32891
39352
17230
27392
30781
8422
33305
25398
31943
42851
37007
34036
43885
30117
42186
24519
38135
39975
15845
29927
13895
30039
28369
33803
30260
29285
41273
19988
19677
27407
27495
39259
9139
43079
38249
44312
35380
29071
10025
37534
27104
24983
34704
11164
11823
33641
43077
30510
43397
21154
38828
39270
39325
26818
37519
31047
27048
33144
43004
11781
30829
34992
36585
9799
12370
30829
10091
38366
40513
13179
39436
28641
33650
26630
15054
44394
42825
38745
39098
44709
19118
30152
31348
11399
30057
28769
18860
42683
33518
28506
24989
11863
31399
16487
43787
27447
41645
17381
39893
38508
14638
43270
39107
21223
43377
29567
38668
35713
41655
37490
19892
43142
19667
10524
21241
40768
22224
18306
29515
1636
9172
29709
44437
14516
20757
5429
35887
42333
36549
40267
23450
22005
35747
42842
36797
42767
43969
38481
33780
30529
40677
39852
39698
14710
26777
43384
7999
32546
43475
11270
40057
28065
44541
18495
43104
31882
2786
35215
37461
40269
23212
18295
40719
18095
25698
16372
37946
34615
44124
22182
40938
15964
12777
21123
40319
21417
26194
40041
43518
40229
12966
42976
29521
40279
30390
26243
38513
36292
33158
17883
20740
25221
36609
30614
11078
36549
19897
37487
36379
41660
43674
43431
41520
42820
36866
32109
16132
4262
22079
30683
27569
38346
16627
34638
43334
39583
44542
20146
22190
29780
42480
41198
10725
42968
31563
39233
36643
22475
34617
39229
41437
26370
42321
28420
37061
43184
39121
17588
5301
41696
38249
22810
38764
11739
44397
38471
41459
36561
34251
18351
40432
18913
39671
2245
36455
35986
13464
24821
15198
41894
27974
37291
19768
44325
35011
21484
32531
41598
39335
42677
31791
22706
18416
31457
8745
31093
29373
24652
36803
27752
33414
13902
7008
21952
23530
27420
40221
25278
19517
42482
33349
41724
41641
38636
21331
41894
31073
9872
30216
8233
26498
36262
22680
29644
19097
42348
31987
22042
27942
29695
27953
42811
31865
14580
23607
35127
38075
41845
17221
39156
31408
11606
39717
11821
6425
28000
37963
33837
41776
26208
23873
36208
24594
43155
44718
34237
15695
14742
26549
43492
29201
31523
14138
22665
43356
41447
31511
30871
35367
44330
18680
39086
38361
35998
33841
8844
22145
22136
43645
42600
35050
34439
33891
37667
31137
43240
15082
23142
18491
20058
33208
21275
23730
24448
43769
34963
33058
42206
43466
29143
33361
40129
27490
29105
26533
12474
30515
35076
42833
34079
13171
26122
37120
33573
15563
37973
25126
10433
30022
32648
43442
9627
25371
23993
39186
18324
16537
44251
42888
28356
35827
36668
26305
44455
44138
11966
41040
42928
40927
28753
2960
30604
32817
35293
25215
17151
42922
33184
13732
32961
36260
36245
31723
27722
42913
29726
35422
37133
35394
34940
40437
16809
36505
9283
44148
31854
28835
19242
25385
37783
40467
38542
16859
23266
37741
34574
26493
32101
26685
13211
43765
44020
10209
17749
41475
42132
18981
40995
42360
31289
27053
34646
29986
17571
36521
37837
40546
39288
14500
30437
18687
25096
30077
37825
20724
26208
10299
27694
25275
25449
31790
37961
42086
30666
31307
18671
38886
42397
15889
44118
21930
37241
35707
39581
40308
44128
37977
40168
14816
42830
33428
28239
27308
27926
16815
29910
43089
13439
41059
34042
41249
34994
19289
36855
37314
33210
42736
33711
43151
30407
11882
26180
29263
11649
35826
34197
39563
15946
29606
17769
13321
31947
27522
29368
13693
43795
22811
23844
33295
43855
5510
24437
38587
13114
8109
13570
20761
37357
25036
21517
34812
37510
29701
25889
39646
33818
22251
42909
41524
42325
29258
28215
40814
36339
9065
11775
30242
29171
33469
42104
27587
37033
14955
43655
44468
42880
38178
19536
24237
42193
34340
10918
5556
26885
7608
13691
41223
35133
39748
32241
38457
29642
32466
41179
37918
34873
27046
38831
29896
36086
35891
41668
33677
28432
24296
26805
37738
6508
34117
11985
12688
25343
23846
18661
41815
31780
42176
18112
37795
19561
23171
23823
18337
12920
6139
23681
16005
6129
28854
19904
33504
29203
27450
42963
36836
39367
42555
16208
19847
40193
30960
41331
1807
21287
41548
36120
29946
24454
42975
22731
17674
12607
32230
29716
34048
9226
19610
40992
41004
27777
15892
41533
29934
40023
43424
25355
18147
28616
24992
42315
39438
32207
12447
9316
35387
10740
33911
13767
17687
42903
24386
31777
31670
28951
42989
42286
30812
43971
22948
28244
40704
35730
8285
30993
8329
15308
43437
33340
38747
32275
24697
29217
39758
36462
44220
44105
19059
39712
24460
37946
25989
42585
34844
28657
22690
31452
15377
37315
37345
25856
25783
8480
7494
39697
40298
40765
20293
39414
18040
38464
38601
31071
15533
30502
4801
20331
44007
20026
33589
38674
40295
16643
24832
33029
28969
39314
37259
15175
37566
34761
18984
30520
30295
8713
34717
25531
26877
42003
29935
32744
28663
24422
41204
34202
40716
21464
40129
24985
39953
36339
27312
35118
24223
35866
38909
38018
27398
33419
6084
42698
40857
31658
33548
36167
20803
23791
44121
44176
41792
44129
42616
9528
33133
44187
43899
30693
29793
29844
38311
39512
30096
36189
22075
27943
34148
16272
5009
33356
15373
18993
34450
41197
33648
34828
18602
41706
16151
12104
12660
19633
13611
42234
23669
44621
44503
41507
38378
39250
40669
31999
27990
24403
23027
20112
19867
33539
32902
28969
33372
39958
33615
41595
36171
6663
37663
20491
37835
6408
17601
32096
40086
31818
31855
43988
44125
38168
32250
13019
42459
21905
38752
28119
32804
44698
33268
29592
19513
32854
27211
33424
6127
24586
4075
18691
34967
30183
32373
42972
27194
41728
39557
36549
37308
39080
36322
41522
14153
27016
41076
38014
22810
40893
22576
42751
29617
40981
21745
40442
28722
40496
39326
26419
20960
44321
2270
22967
28828
31531
15779
41793
40744
11241
34045
17087
29026
12374
31451
28503
26433
43481
26772
34216
27550
41158
15398
28194
26745
13339
7219
22669
30179
31896
24436
33076
36953
29379
35119
22829
36165
42578
34504
27658
8577
21485
35537
37799
39658
22892
37559
25084
17047
20748
30300
44358
44203
18349
37173
37690
41260
24755
29280
34102
38777
19858
30816
18510
29946
33536
34297
43920
39786
31379
43441
29388
36404
37454
41732
21940
2468
38071
15715
29775
32948
24519
41328
44576
40626
19185
39202
13930
39432
40771
14514
21287
14684
42396
41066
28080
32657
16178
31400
41688
21582
13119
24251
37761
29285
40173
30864
33205
33041
14753
16387
18051
27786
41812
43779
39465
42660
39945
40154
36738
41278
15152
31469
39920
33677
6935
10158
34632
34171
20802
41288
22274
37370
31728
31902
31799
42116
42888
41653
11503
32309
26504
34192
42644
38487
39023
8049
42346
37405
24462
40803
28752
16997
23995
15307
43906
26965
29018
22966
29252
21220
28548
44384
16091
32739
37927
42802
27953
44548
44597
41757
35533
26116
33301
28577
43998
33275
23026
28328
26208
34807
43736
8787
37163
43332
40107
27628
37790
31918
22233
19183
17613
18968
4286
40885
18804
24953
9744
25928
28051
22776
32857
37173
40756
38844
35178
35226
23882
31374
27670
37809
13110
36857
35521
22810
36007
32060
24182
30736
35981
38180
30630
38589
29095
43988
35692
44063
44239
38848
24463
22156
32542
28656
22172
24627
15726
32494
8194
26039
36774
34249
11214
43120
31166
36739
38580
2872
34083
22832
44095
24343
39943
29142
35309
32620
38122
3453
32180
40407
16620
33728
15819
31786
27299
42958
4699
25103
40498
27261
32624
21541
24129
38489
21955
37171
27737
35174
39187
39399
15628
17973
34551
15680
36055
19491
37400
42827
27600
10634
43557
20561
7084
26290
26192
31420
43217
36057
29635
40204
8922
28705
43402
21784
24764
22510
39285
26017
32648
30306
29423
14399
28159
33168
24811
36910
40400
32292
38918
25091
44467
43804
20052
23423
18761
18566
40694
40584
40662
12235
25467
34511
35444
37785
19715
27105
35280
44241
18121
38501
5602
43339
20498
42824
42388
34463
33234
32865
31769
41167
23952
43494
32851
41020
26544
37683
12020
35307
41719
28338
33019
44077
14754
39032
28267
7592
13300
41233
34630
30901
40593
30137
29443
43885
36931
22912
12418
34947
41379
37852
44625
43316
27351
43345
43769
16450
13857
13698
28608
27646
15950
13495
34187
9294
28072
41196
35787
34924
22238
27129
23501
41801
5461
35725
43309
38509
39616
17154
37232
27135
21102
24319
2763
15326
39899
34749
41699
15862
33144
41988
4644
33446
26567
40994
31148
34760
38236
24686
17382
34348
35167
33023
10814
33528
26521
32753
15326
38740
42596
38359
31044
39597
19100
42094
37403
26902
16455
29496
8904
41743
15028
44282
40913
15257
39171
37050
30495
41826
32456
21927
42927
42659
40504
41362
37011
19765
41612
33205
37721
32236
40213
44403
34674
20207
39011
44217
44312
17362
39274
42981
23559
29226
30838
14805
21415
35811
24728
42601
21297
30539
36559
36848
2248
24037
24477
44104
37997
14302
14785
25572
41357
12166
33863
22993
36531
24087
34586
11903
21408
28085
35026
43001
31463
29540
6615
35667
38918
25201
4008
32690
30565
41780
23344
39129
17333
23977
30903
14727
33354
19754
22168
11604
10312
25864
27695
25362
23985
33407
42105
35221
11786
16055
39785
6969
33314
16553
33961
30609
40913
30824
34440
35055
34008
37376
16704
40392
44073
39841
43411
28932
22624
42548
37887
28619
24716
38880
34844
18050
36102
43725
41234
43611
41429
34866
31311
36545
42306
30612
33384
36417
34702
37114
30760
35053
20909
37205
31057
37124
18532
38219
27873
35369
22393
20563
16040
43845
18140
36151
39658
22879
41620
28463
19170
28535
9629
32836
41453
19942
24972
17482
27618
20484
13578
38665
21221
28506
39884
37031
27759
41106
17016
16860
42582
29898
28821
29091
29630
32932
42646
23180
38618
43189
6597
37166
31482
34954
25134
34008
37760
35065
24067
34089
6153
40863
31783
31378
37679
42757
33211
39828
16691
37698
31833
34131
32853
32011
27582
40891
43270
42512
20635
40903
28373
19471
24716
42859
17099
44386
10118
11443
29301
33299
28477
36705
38321
13626
12493
32799
34882
30011
33020
19760
26660
16335
35081
40068
27681
43117
36790
18009
30665
41614
43388
41306
25618
36693
18898
41426
33319
16176
42395
35848
38380
40205
38942
12485
27344
38175
37303
32403
43928
42108
24312
29747
21102
33804
9736
23629
32208
21684
18467
41452
34879
16292
40360
39595
21383
27857
31698
10219
44438
3821
13766
8550
42875
40257
32173
23788
27996
43857
28453
43854
25585
36669
30962
35220
31573
43850
31830
27319
42693
4255
43095
42091
43244
33830
8612
26628
17435
44586
40132
42237
24828
20451
43451
20519
16442
34723
19902
42274
14665
29793
10390
3078
30913
37548
31934
35559
18506
26372
20042
37154
27830
37781
39996
27352
17786
21560
43249
43484
43718
23745
44334
31767
33523
24689
36586
31827
42505
11508
25208
38377
26643
27733
28020
40616
25420
28484
44030
33111
43809
34548
43538
25824
38256
35353
44331
9661
37230
44161
38339
39201
39889
23764
20888
13898
44069
44249
16249
39407
36071
43169
44642
37789
41163
31301
43403
33747
6589
42329
36725
35992
44527
9530
18972
31285
27769
33676
42782
39088
32049
20438
39247
42371
10334
26837
32457
30516
26594
14030
25800
34561
44548
15344
26031
21945
40910
41667
32295
39700
41052
31600
41801
7503
8753
42075
23016
39805
19774
15293
44430
19956
30624
44278
35249
11360
42325
14527
20731
37487
32260
28201
43410
16049
20541
38969
31705
31565
30698
29119
20061
37716
38381
10420
37074
42147
30054
29870
24931
34414
44362
31168
32304
31314
42278
19808
36023
43160
38423
41879
40063
42470
19403
44654
36719
26087
31588
14734
31140
12087
42822
31483
11331
39819
30017
15386
31755
29080
25488
26422
35926
22157
20405
36743
35043
44573
27338
21722
36794
41895
25044
22282
18106
3147
43015
40960
34559
36345
21043
15722
20448
42623
23376
35738
18478
20097
43140
19152
41282
27580
21838
42856
43112
25148
39621
33564
28039
36896
26049
13944
18504
28894
28456
23610
41675
38218
43027
30507
43849
18550
44686
13659
44392
23122
13167
16348
38515
18680
14830
31710
38548
36745
4545
43527
8952
4258
43033
17632
43099
13334
42604
44188
39763
39082
42085
20380
43342
34966
33449
31386
26504
38080
13068
40062
11555
37630
20738
19685
42128
40224
38473
29090
43945
20601
25900
9582
34886
41216
12616
19780
43493
34116
42145
37941
11484
32201
5783
38756
43054
28664
43330
44333
31602
36614
7518
19373
23186
17442
26455
31344
41371
18101
25153
21419
29312
44233
19697
44005
32994
28378
42353
19562
35670
14637
41644
39551
34044
40986
10137
42469
27692
35069
10754
10919
29954
32953
20451
26111
34636
41237
31385
41914
42343
29097
39986
26227
33393
32156
3352
40073
43580
15625
34936
44356
37321
17260
21872
41859
15172
26697
13380
41223
12200
26163
36065
41029
15803
26238
38770
11385
31213
16015
22590
32858
9424
42251
16832
33092
39659
38887
38709
35562
39278
25286
43296
20574
21322
43800
36185
25277
30766
38290
40027
35119
34856
33880
29986
22261
16587
39757
39954
26159
24502
17363
1888
32699
32284
41960
28382
24781
38933
28287
19418
30812
22973
42877
39837
29987
36731
34698
44554
23051
36737
40119
18426
33662
32915
37251
11470
33689
39274
24053
43908
34116
41469
20911
39184
9527
14464
27128
40608
41146
38068
32897
28176
32829
43529
43494
22598
7387
8057
34582
26143
26578
38974
17373
43854
31110
20555
18714
39004
33225
37971
27124
42224
20251
32872
32417
21627
33092
30618
30460
28782
34066
19792
33093
36817
25101
15471
24732
20669
12712
28761
29681
27315
40291
13981
10461
41514
33113
34477
30497
15391
39326
21728
26147
44239
19539
27299
11941
22049
37167
14261
24892
27275
15247
36074
44520
31286
40777
44335
43289
19052
15831
13280
31925
15987
12793
28064
31063
37172
30318
40662
27518
17125
28159
18923
41300
28081
21042
44277
30773
22777
16578
44577
26020
38628
34566
36435
39930
41394
33755
28410
4403
30468
23568
22553
13187
4482
13383
26552
18371
7852
11816
29225
34760
27513
41627
3636
41230
40136
27598
31251
16514
43890
36342
28494
35484
21428
32802
27435
42673
32095
19214
20947
42202
31547
34464
6440
38082
5664
43881
15115
9400
43105
40129
19948
30328
44560
33507
39326
19099
39918
30331
43051
30612
18869
40918
15974
36546
16994
11495
43588
27552
37453
40017
43149
28898
21369
32246
44473
42404
40040
24515
37664
36309
29284
37167
42854
22904
26944
10502
22974
41841
17780
30136
23567
28365
37838
44156
43845
19932
38816
15570
44292
41700
18843
30297
13961
29394
43391
43605
37432
37159
39043
38494
31965
43426
24111
13517
30582
35387
24059
20738
22911
33015
22611
7015
40944
28028
17185
29685
44467
28361
21984
21754
16245
43912
32427
11186
42499
35367
41664
43392
30093
33370
36056
42546
22252
38094
18781
14964
17391
40248
23111
32523
38350
16583
24768
8062
9538
37490
42279
44345
39617
34923
42506
17757
15392
28504
31668
4392
31836
13807
15191
21589
43281
29218
38801
12347
40863
44160
14430
37566
42474
32353
24134
29722
44178
24144
20113
30405
32097
38023
28492
40737
28393
39158
42644
30698
15336
24375
32816
43215
40868
35443
42775
29324
29482
38410
20244
44020
41102
9730
31689
23360
24533
39670
40621
15835
23518
35165
16560
35408
29696
10154
41037
28781
24088
10463
23342
2255
42583
7527
42983
38799
40008
21485
25212
11748
25159
20000
39721
20584
20743
17088
39139
7524
24631
20626
36604
8502
38667
40153
10666
44185
42067
16678
34724
34408
42175
26092
21345
24065
29201
35801
37266
42200
33346
7334
24082
38860
36476
27211
43833
36460
2566
44579
5944
23317
13101
41476
14536
22975
8749
40477
28688
43471
26207
41215
29644
22464
27066
24594
25150
33602
22903
14605
39386
37661
14143
22145
24603
7858
25954
27162
28759
42170
22521
37996
31754
11133
40988
34911
38491
37965
23480
18260
42230
21686
26960
42228
26771
44111
11694
41199
35906
16145
38590
41151
43476
32203
40289
42198
35752
40276
31118
6039
15497
15784
17828
39014
30526
40385
36649
15356
39498
27520
35729
25919
22750
36588
29415
30269
27713
34915
15047
43944
25817
19663
35040
21488
37637
24885
42325
43260
31004
40889
23478
39530
34709
33796
41605
20789
16925
43699
40566
43311
17007
44505
15804
26826
33527
37920
44679
28745
12835
19438
36273
12047
33756
22866
36261
5983
31840
44588
28369
43840
37817
26348
36555
42181
29816
21983
36579
6818
33268
35608
40012
39584
33197
20679
32091
38868
43665
34668
39996
42821
39752
13312
19646
44186
37824
34904
11740
25855
22204
43922
43473
39867
33730
4704
28533
28202
37902
22786
39658
21261
11224
36271
42618
35554
43992
14206
37232
41155
41171
41769
11767
35982
42755
37179
42425
10435
24702
23684
40590
10430
30954
5907
41977
36004
26044
44075
39992
33039
35731
28276
38020
32878
20010
23570
30723
32924
13662
27492
37783
20226
18563
18867
43620
15647
21852
38504
23878
40275
21792
22359
40236
44075
40022
18156
9394
41713
39492
35909
34776
15414
30600
31301
37730
25371
29797
10419
5889
43423
26771
42257
35021
43919
36318
16219
42932
34689
20436
28674
28634
42908
33501
27720
22066
33866
27989
21338
38076
43516
35304
42998
38766
44094
23106
10799
19047
43094
42132
18659
26809
38170
35816
31287
28740
16749
17784
41606
41755
18008
35479
41621
26848
26200
42240
34575
36601
39759
44344
19646
27503
35746
30026
33201
36926
43813
42425
15175
32090
18073
18312
28380
30330
35998
43806
43710
25226
31594
31350
32518
44042
42810
18758
29282
41619
30163
39321
20542
21574
36876
38171
31909
32883
13757
37630
41490
42146
38429
17918
25543
42646
34698
22086
43589
21695
14142
8215
24309
19054
13514
37378
33166
10796
40257
36466
25533
34325
36820
44066
23761
18964
41796
11050
43052
26685
16232
44534
29123
22618
20047
41846
24110
35967
28763
38360
16074
23760
21790
36919
31833
43662
25000
32185
12912
42138
31215
34814
42193
38666
13664
41755
42949
36287
27565
42094
38984
15182
26562
35310
42239
39230
43386
39769
30884
33394
33945
15736
13383
28519
23276
16653
22284
43228
41766
43888
44363
36716
8977
30520
37971
40524
13878
38993
40463
38946
24509
28949
36396
32194
44304
12729
42582
28412
33895
38525
31469
32485
36436
27636
21138
36007
27943
35138
42702
34961
22584
42626
44505
34514
37271
20415
26263
22232
17625
12153
43334
13110
30705
42812
19552
38292
35595
28568
25422
40097
24470
36800
43336
22480
25944
41382
21626
35211
30587
34768
28420
35823
39104
30333
26087
35433
15077
44326
27799
25289
19349
26489
40871
28411
36335
34368
39035
30200
24224
38091
28332
35484
32768
36123
26043
20631
21722
42361
35932
33854
44298
31225
17013
39865
38405
32504
24319
29756
37170
27401
32153
40006
33896
27869
21056
41695
21062
36864
16471
7622
42975
26061
24377
34596
36766
20478
6637
43815
43252
19718
16193
29154
34053
14859
41966
11423
27078
23737
33371
28310
33877
29217
41419
26688
41089
7138
38519
40708
29792
35636
27071
37115
9602
30594
43593
34573
15661
37290
35504
38683
30323
23096
44652
39764
22079
29365
19733
36021
28669
44719
38438
30143
41340
16788
28017
23607
43388
23881
31154
35328
22494
41781
20400
7644
36795
38407
25474
32463
16340
39787
36444
7657
11859
10184
38863
5052
30643
8776
36182
36503
31908
30628
13275
14115
36553
41773
13742
30062
16199
43755
30925
15677
43108
41594
25064
36246
39977
38305
26401
37496
15120
29209
9674
42620
42506
17429
44700
38218
42151
13316
40046
43822
36904
10038
38454
40537
38593
32468
33351
20431
20775
18331
44656
43963
30884
36259
44428
21221
39941
5394
27759
6242
12819
42807
42010
34197
39747
12148
4793
42466
38732
31101
28203
31380
34299
41184
4795
22389
36398
19790
43338
37500
11595
32345
42569
35090
33463
42393
43339
37465
19863
22123
41440
34918
10508
39993
36910
34366
34075
11594
37507
24243
16995
23225
26645
32356
43091
27436
39988
39961
13527
31341
14418
36735
36218
20070
21175
30046
12771
40372
33166
24568
21164
31272
16834
43622
36069
17758
24836
35188
39899
29127
29155
39126
24912
34329
26205
42584
32994
25877
9810
43109
34860
41900
23950
7876
18947
37897
43651
42271
16769
39227
43625
38962
28061
26614
17376
24429
23540
25449
35221
31538
11849
38259
38789
24709
30209
20233
35416
34171
29738
37963
37766
27199
33293
31755
26045
17434
18613
34062
10384
38811
5997
38378
44131
27114
30627
44338
36364
38743
29013
42246
30226
28154
13023
40497
27998
38327
40833
24810
17414
29399
35214
29251
9224
28230
38772
30980
37820
31473
6973
15162
37748
27739
18362
42354
39340
31370
14346
23390
18923
26695
26822
33902
19688
27721
22168
28334
41477
21692
38177
20599
44228
39463
29860
12874
43590
31108
27251
19550
36471
35087
43868
12636
43375
29452
36888
37535
16948
44409
31741
37166
44697
28776
41427
42288
23143
39516
31726
36940
13985
9323
42802
14367
27004
22049
39160
25145
3962
23204
42348
20182
13310
19808
31147
34563
17649
41498
41804
14271
10682
39327
6789
35835
40279
27700
30617
3948
29488
40686
25159
24171
38928
20980
13137
30711
35589
44438
26041
32309
37665
34213
13965
43887
38822
8496
26929
14233
21382
25982
32579
34007
37920
43594
12553
39612
5069
31274
18414
19699
14202
10354
28877
15695
41745
21832
43447
26470
18726
29517
42814
29139
42227
16065
43924
34670
40516
44004
41397
28016
15195
23756
41370
34287
21182
18041
41106
43016
39862
17086
39974
40190
31642
22459
37400
38301
31298
40605
27304
42610
39941
24577
31820
15511
30359
35699
32390
21228
12540
13134
27853
16630
41187
33692
39523
27300
12100
14922
33908
43114
41978
22899
24507
18815
8070
25407
39603
16943
31836
10285
42692
24872
37618
34496
13327
41760
22686
44099
28563
28417
36069
10317
38390
15962
33774
29848
8000
20981
40499
42880
36105
20180
38782
16744
18127
36489
43627
20370
6073
35151
12038
38913
23709
37297
44061
22394
43206
39429
23706
21656
30605
39628
42897
42950
16093
30364
40485
15835
28718
29043
10910
35697
36186
34343
35260
43445
44148
38176
32653
3460
31981
30462
34460
36666
9731
42151
43742
32927
9266
34595
7201
38982
12751
19470
20398
32904
37092
40068
26717
23210
9398
19296
40477
44160
35595
32399
36505
17976
33127
36735
34282
29791
4125
20325
27248
6943
13023
36235
40807
36084
19831
38291
44293
14133
44589
4823
10760
32066
9676
11686
7571
9274
41468
36257
37636
33750
14918
23757
24436
12392
13367
30391
14289
42358
23749
22877
43713
33396
42828
32559
42626
41050
22068
44333
42376
36468
37690
36398
15692
38030
24604
23059
9741
37843
44568
43089
16551
36299
23654
39051
34963
33280
15849
7674
10289
33303
22852
41589
39304
36026
11139
26252
33658
15708
5000
37589
43660
23998
38482
44531
26744
16172
18524
43095
29265
23189
42281
40390
39167
37593
43261
31066
30873
30417
31741
14267
38040
44685
15282
32564
39974
44700
44052
44707
15387
44204
41116
34829
31574
24667
13420
39259
31837
30552
28146
30262
26895
39712
36122
35674
25409
42407
37782
25884
28322
13422
37658
20085
30965
26781
30641
11076
10191
17012
42122
24964
16406
32998
16993
38666
40374
36642
43072
32907
40195
4371
22641
40594
15713
28869
34762
19942
40546
38092
19042
38550
31372
12402
30519
37253
4588
23087
21114
43517
34518
25236
8954
27645
36756
32102
43993
43840
9161
41273
41708
25396
39970
37171
39681
31164
18042
13470
37336
20566
28738
15892
16279
39537
43388
22312
43180
22622
30750
36782
26368
37621
25269
39599
33415
16387
18061
21800
30151
31613
35622
19105
28142
35518
27662
12798
36927
35564
13586
26067
30620
8968
40567
42936
3990
10535
33026
4566
40758
31706
24835
41682
25536
1687
36527
17465
21950
39771
7887
24051
43147
40754
37508
32054
39165
44447
7570
40985
18577
43493
32921
10396
13708
24779
23300
29198
29341
33461
41765
36780
10256
42823
14547
42283
39169
42481
41706
42812
21597
28731
18691
40428
14777
34028
22974
31420
43962
38701
26014
18145
30226
11706
31224
35836
42002
18142
28304
31339
22611
33446
34624
31521
35844
20691
24009
17907
34680
34410
24075
42661
26645
37562
39027
41224
20051
37136
39239
33523
26239
37446
44115
11423
32067
18384
36681
43721
30991
40191
31708
23758
36035
19756
44288
8903
43815
26034
28678
25822
25663
35646
27048
31517
31092
35427
42810
38648
13167
22171
19318
5720
18344
5376
34197
13235
23136
18440
15866
28968
41505
35981
40060
41965
43891
38820
35969
41787
36555
24382
40882
24792
43876
32979
42611
13462
25948
42255
39448
43358
41980
39046
24872
18868
14061
31208
42738
33495
27100
41160
18054
25534
44289
36555
28886
24674
42880
42087
32679
39539
39463
20537
38336
38556
39195
25327
38864
33258
35368
35583
14182
18254
37828
17522
30063
36122
21474
22634
38896
26516
40734
32495
30108
4790
23453
21142
41645
38051
16477
36501
43897
38333
30112
42899
37614
11321
17443
38583
29962
41351
29628
34389
24242
32704
22155
42294
36763
43545
31578
16001
39673
34499
2466
25049
44318
40811
30923
29306
31927
40095
28265
37557
21222
21500
40033
32321
15673
17401
43841
40012
42685
20242
34339
33387
36718
21801
11706
27965
19944
14852
40048
28707
29228
15656
33262
42964
44427
43281
38980
27663
27500
42041
37979
30885
32786
31365
26602
26147
38840
18862
32181
36085
39350
39679
43840
33265
36825
11933
31053
4540
30721
31927
44598
44624
29339
24477
37849
41243
16311
17180
43352
25737
29034
28465
32455
29247
28665
42482
35288
29332
33185
34030
23318
22333
24316
12578
17543
39504
36985
42035
15026
12470
43939
43344
31627
9585
24677
6766
32668
5629
21079
30388
38500
16335
29928
38665
22234
35959
22386
43549
27693
24545
27068
23590
10174
10037
41141
37436
24165
30013
18671
26982
25772
33405
33982
43516
15573
34832
14935
22216
23534
4581
21138
31961
28468
23010
34694
37398
14378
4165
22204
32368
41430
20997
17786
37939
37567
21764
33448
22989
11745
37313
6703
38102
12805
30239
38998
16134
37765
35592
32687
26360
29863
41947
27705
41547
26941
22013
32339
37090
20575
7436
37906
29284
27482
34558
42964
34511
38239
39680
42569
44154
32801
32280
35422
26895
29533
38608
23095
16694
43561
17109
21671
9257
23104
13777
38406
40115
37335
25303
23419
23723
31535
34368
10976
27077
17159
31257
22557
43985
19496
42502
11682
27780
36657
24925
41548
23813
38448
25815
27769
31811
20487
43440
32125
41034
23435
12624
20056
21366
42183
24128
28640
4397
21750
21042
9839
24061
22890
34774
38629
23376
36587
29154
41625
42073
33936
41074
32737
44315
3075
30528
25255
35089
40042
30865
6936
35182
40089
33001
41658
12406
41000
29014
9471
28479
43627
20557
30069
43189
33691
21806
36685
21701
31013
24451
24441
15005
13890
37010
39918
35491
22631
41649
41251
35260
38340
41732
28459
26166
39782
21988
43535
36240
42329
44341
41439
42595
23150
38227
39792
38417
37240
39264
40241
21933
42554
27958
20259
26423
26578
20648
27381
35309
1879
40961
7319
28232
40762
32629
32980
28500
11264
31966
43197
26846
2485
42464
43434
38939
28570
42178
43064
28739
27693
32112
22686
33194
33519
27306
17016
33580
43838
27903
27571
42405
30080
16572
22802
29860
10879
36991
40028
37052
32704
40546
28889
36923
5973
31049
28553
33285
35199
38690
38108
42690
14406
41589
41310
23264
30642
12442
27498
44224
21472
42808
22604
23239
42877
18063
38083
44074
33361
18492
41763
37250
22959
37770
36398
35186
26601
44633
31650
16808
40284
31131
22735
35955
11960
44684
25473
38363
26908
39668
37613
13170
15157
40509
19470
18535
25714
21047
27514
24798
32836
18949
26793
42131
32503
38989
27862
16229
14323
41618
38422
14790
25765
42602
11205
26476
20084
42303
41061
27058
17953
38704
26137
30101
40371
31998
39269
39013
22769
44121
37467
42215
35695
5572
9468
35917
42061
21364
38826
4940
21631
37783
26550
43082
23777
32928
43127
33638
17688
22431
36506
35143
36113
18718
14352
38539
7898
43031
28079
39607
17009
37222
44084
19729
20401
12884
43972
42830
33278
35014
31152
39866
10850
30488
36633
34683
20207
30129
19914
17970
30850
39104
24212
41298
33614
26357
27933
28532
31444
35681
40944
37270
39631
41347
30600
41111
22093
33217
30990
35996
36876
28647
17482
27632
35883
44351
25182
37515
18378
18772
37336
33239
31916
37070
37423
27610
23328
31856
27220
33399
5506
11497
38439
27029
28437
40147
42442
35127
6722
33688
30550
15186
16292
18549
44143
36889
21289
35123
19954
32408
26934
26614
35065
37780
27397
19547
21302
36406
22658
43315
28913
35994
31781
35405
18412
38233
29589
28102
36905
37131
3937
38650
42958
18846
19862
42088
6331
4733
12221
33118
35721
41854
10362
39002
32505
42724
41848
11967
28696
35920
20016
43081
37399
22374
12438
28226
5336
35849
24445
2541
33843
32453
32360
23579
29300
28530
11826
4918
40373
28922
4345
13007
28155
9420
24152
34757
23747
24072
13952
25092
14409
41392
31404
22663
25080
35248
30648
36623
34923
41006
13764
29151
38111
40013
38063
30682
43352
22192
44136
38839
26901
36855
31675
17866
31537
17938
28255
13466
37280
14379
23769
34563
36773
30414
42908
33639
33784
34363
20596
38925
11052
17428
43950
42413
17913
10944
29099
42677
30603
35503
36098
34616
42630
37523
13267
7174
21593
32280
43102
13313
29540
15363
36558
35672
41034
36747
6649
41165
39366
37902
40938
27994
21888
35822
5023
39826
29263
11571
43800
33746
5358
38465
35830
39784
43751
36330
38445
20166
37622
43651
9861
33931
36440
42041
5797
35029
30386
19605
23622
40062
9804
19001
11346
34751
36095
43670
18057
41657
42795
23896
26260
42770
35479
11729
35202
28497
28079
31098
13346
25118
27294
36141
39315
38151
31043
39847
25104
31234
41423
26752
14873
13302
9601
10413
26139
35708
24458
41142
18571
39952
23302
26491
41787
34748
32349
35417
42610
28124
14396
17273
29945
41589
44011
36054
40075
31988
19256
35489
30696
36255
40004
12498
38563
42849
28480
8389
43330
23927
34631
11962
34767
17660
7944
33170
42754
5184
31828
42167
32058
16245
43323
31783
35598
44084
18379
12029
36887
42014
43103
27321
33984
38415
27402
29388
35326
33332
38479
15858
20455
43351
5682
27917
15189
21433
39390
4677
39247
35691
38745
35684
38489
24736
37319
31570
24811
23095
9751
33471
31515
14364
38379
27876
36805
42340
44285
35141
13319
39322
24257
31396
20864
34356
27642
35280
42483
6651
29498
31617
39223
44538
42833
27397
36651
29682
29979
28225
34874
25310
36830
33507
37269
36161
28542
33482
12022
36500
24071
21103
42124
25491
32625
34075
34964
23385
43228
32945