43972
7744
6074
37254
13978
35879
43058
17897
26873
43565
34914
11282
34095
28808
42331
31717
18730
36774
39493
25485
11366
29206
34624
39111
34790
40327
38679
33887
31698
42666
40791
40671
6643
34286
44712
43556
29590
21694
12310
29385
28684
29569
40004
19484
35097
15600
37691
42282
10099
32970
22046
23391
38200
40721
20401
21783
37624
11347
16142
41112
9812
31958
39260
33923
39620
43322
41870
34598
8219
30030
35087
24440
44578
39153
19383
43314
24636
22559
44223
7846
11741
17763
41142
25994
44207
32781
22671
44009
32295
29115
38124
26686
39438
42467
19885
35132
10660
27333
40192
29922
23159
26025
41599
37782
36442
34518
26857
33059
14693
32495
37471
23941
27854
29632
17047
30628
37427
35125
12240
18934
2790
25680
37697
8302
40798
30160
10495
16049
39134
39317
41485
21768
34474
24231
22991
27697
29914
43324
43737
44033
33534
27518
38703
43504
22254
41294
41353
38755
18502
10688
30799
44046
36120
39157
20086
4809
36037
38714
32881
31403
40316
41955
41778
8704
28341
39489
41326
36598
44137
26458
24835
36958
32152
34139
25375
21163
30533
39441
19438
12277
18647
43404
27946
35808
27178
35971
18237
26411
33487
42875
42664
12432
14622
29665
17396
39204
35447
16396
20931
32728
23263
32374
14475
36210
24174
32879
36856
5026
42488
39429
21841
25931
26150
40580
41937
44307
33515
8942
41355
27326
28323
42303
28232
31154
28762
42042
16995
17310
43868
40956
30030
40426
31655
39089
40874
28713
43077
27781
22383
42095
10576
32019
34581
17019
32691
35335
14769
13819
37209
33561
29168
32794
17142
31709
25232
29887
33528
36531
23199
42032
24023
40546
12369
25962
18594
16674
23998
41180
27959
4169
13278
12740
42096
13628
43468
13818
36654
40759
41952
39048
26669
41612
21959
42039
34403
28758
11246
11733
16872
37626
37779
26947
21909
18137
39458
36667
42255
39653
7750
24419
33831
32330
32653
40783
24314
36099
28038
11991
10153
42475
22682
34665
38888
28342
42442
44507
43984
41024
9344
39114
22569
38297
42868
12653
42326
44240
18595
25551
32771
28557
43251
32934
8946
38003
29087
26332
20777
26020
32924
34611
26819
15148
21159
5070
38946
14808
37612
41812
34949
21583
44125
28684
43383
16606
23896
36700
39758
41398
43146
36634
41687
15714
29394
27921
40811
16198
13416
40887
34506
21029
19179
23694
41346
34099
13469
31829
43162
29803
6275
39663
35261
42753
35885
22308
36625
39666
21985
41274
37214
33967
36539
38270
38955
26143
11322
44099
23994
25445
34267
38460
15684
30183
6109
34377
40748
16255
25468
1978
37348
24428
35460
33264
36919
18537
24559
42801
33871
38483
29464
20880
24741
23177
41819
13525
30312
42695
30189
36707
38263
15972
29575
32664
31991
42345
25381
43516
38691
26444
43493
16478
32771
40873
39308
35773
25748
35224
44484
39240
37675
35657
43356
29899
21111
21418
34253
6383
25228
38374
17090
32447
40748
40984
9449
42841
37118
10399
5185
42755
36007
28710
18942
2595
43835
24889
41704
27127
24709
31234
39599
43377
44445
31338
33967
21124
16904
32538
42080
36806
30941
24271
29676
33132
42178
37496
27193
33139
38946
18311
25535
44081
30027
26947
14760
6055
40315
40875
19158
24762
18182
3868
32593
28415
12454
21877
14535
29711
36304
26860
23834
27912
6046
26195
41189
43561
35630
40033
31738
28555
33371
20216
32718
40221
43341
35531
21580
37369
42821
18503
32885
40025
28269
33703
19653
32848
33606
41078
43522
23933
19853
33847
30048
43274
33388
34736
41163
3031
21028
25084
31199
25270
13072
32517
37080
38131
44405
30548
42616
30149
27831
12090
36699
30350
35968
33476
34070
35157
34765
31733
24086
34886
41133
43661
35237
12067
43764
32558
36492
8637
22134
35133
36385
38070
28767
27955
6806
26029
43152
33462
24473
23797
27685
16375
25488
27330
20766
28534
24630
31638
23789
23108
33699
44656
15858
20689
26044
31295
42550
21582
41461
31945
8411
7956
21781
36599
23414
36707
18035
6026
38828
22684
40943
37843
13567
7223
39283
18070
32689
26506
17475
42688
41150
41882
21080
40773
20944
36107
38873
41528
19641
30835
25964
33246
33360
31484
27817
38202
32139
21625
29307
30927
22052
43028
44243
23634
25945
31736
38581
30493
5068
40421
40754
30839
25533
34837
33313
20954
42773
37304
31124
4989
40679
11655
18195
24079
23569
19856
14957
42175
19168
36219
40210
22929
28624
30490
37964
30787
30843
30219
27398
22538
37988
22083
42066
35809
21453
40746
39058
26550
13100
36966
22035
40969
23527
15831
33020
39142
25160
19652
27576
36257
28406
25349
37515
20606
44330
22662
35203
42164
31859
26199
17659
41653
21432
23098
13601
20671
27270
32980
17942
33226
41785
33309
17483
29811
8758
35140
12818
42735
33205
41044
30909
43028
32491
17936
35929
44122
27099
20167
39263
39187
39167
40907
32166
38233
35478
40646
28803
18142
17679
41349
31104
10738
38539
42077
16578
22054
28459
3485
29105
35286
22705
38028
44310
22584
17736
42231
41707
30788
16181
43827
42257
37694
34569
44466
25831
42440
14038
26763
27948
42211
28901
42415
36217
35362
42020
44139
38351
42100
31704
31238
41397
18835
34419
26677
30642
30868
18664
35574
42360
38523
30355
18563
21349
31156
35626
26388
28066
41269
12870
31349
17053
9651
33353
42219
44109
42499
34257
21165
38492
42291
28542
14809
40633
41468
16211
37500
32446
36175
33178
17932
31959
29442
42811
38097
23227
27678
41417
31497
6789
41175
18920
43037
38703
38905
28827
23184
30869
23539
41999
16313
43265
44066
18146
39049
35570
27630
23131
8824
43334
10531
36477
15087
42723
19009
37054
25345
37925
21842
31340
32808
10430
29744
40699
21653
43760
29796
41411
34375
19636
42286
44430
40694
28871
29465
42067
42332
15759
14384
42773
30615
36014
18266
44609
22081
44440
36005
32095
17670
35396
31923
26445
28030
20523
39353
21947
27573
13179
30761
34016
23099
27274
15390
44281
13302
37745
30132
19362
32519
38506
21035
13205
37963
22015
40256
43245
37341
19441
32011
16673
38967
35604
32702
40682
39479
24758
36891
28760
33723
30792
21912
22877
26230
29801
32071
23531
16551
38527
43990
35533
36363
15665
16875
43619
26758
44560
36324
15748
28461
36247
19722
22476
30405
34431
29294
30156
20695
41135
42827
13242
17385
8349
37140
44207
21149
28656
35708
24380
31435
44086
35875
11124
8564
18756
33638
43251
41232
31249
20208
32227
24179
40795
19438
35400
33735
44111
42014
36172
38380
31731
30648
38584
39144
19687
44301
12311
24288
15340
39878
31094
33434
35434
30630
42159
36293
38925
30281
44649
24523
25985
38178
12044
25359
17078
42322
15667
29375
42742
14993
21578
26068
13716
44597
19806
43201
29035
34587
18111
25076
15044
29795
4986
35735
37282
42120
37203
28972
11090
39832
42694
9847
34727
40711
32447
27396
40783
18516
31519
39468
17677
32242
30324
41542
27169
40197
38949
16671
40730
24019
34918
42595
16315
41964
36346
40719
16271
18129
41549
25841
28834
18354
42195
18903
39471
38634
34061
27127
30266
17224
33318
12510
18797
33267
44077
6956
36957
9711
37008
39849
37621
31141
34807
39440
27006
43090
13419
29214
43708
18166
18238
11908
36807
3155
27474
24639
41462
33675
41839
34098
36530
34038
23561
12382
32199
40739
3598
33856
23450
41690
42005
11100
35980
14264
36007
34959
27508
38119
23759
37445
25072
22893
14852
38025
41693
30902
36588
43842
36174
43137
40412
27864
26041
17780
35511
27858
34267
41104
30527
27513
39675
26029
15167
31195
13584
39837
14736
22873
11954
41664
37546
31489
14273
26783
30788
44209
42647
40607
29699
35462
22112
36170
10329
34751
31598
23046
18940
30747
38346
43590
37520
27143
44145
40563
6818
12854
37548
42312
31579
30201
16165
22694
41602
41419
20465
23882
12466
31125
33370
7682
17166
40731
29872
43499
18686
33798
30047
41430
35043
13442
32334
31071
44098
38859
40205
40972
19114
37328
44077
42360
44569
20038
23389
29043
34454
18976
33015
35052
41489
43179
20674
33452
27497
41200
22734
44271
42799
12221
39834
32978
32747
39713
38218
17862
28205
42976
43761
41232
14247
39957
40696
23941
26154
37197
41201
23653
29089
13846
38603
31412
29849
22306
30292
27109
16009
33788
38928
38135
31963
37828
26315
10035
20068
24099
37379
27601
39433
12996
12915
42363
36548
29504
41659
41767
33863
41711
4348
42705
37771
41801
35555
32034
25161
20323
34149
12771
20128
30027
31016
16587
42229
42681
16267
31216
39790
14753
30297
27606
40586
31585
44211
28255
41245
13068
34220
9416
39169
25388
44468
23756
40958
38804
24979
39573
28231
17503
4815
43910
44396
43587
41097
13901
34841
20021
10419
19144
35169
33088
43057
26538
29254
34285
21935
20431
10458
33489
33339
40793
40338
23021
27974
15968
25308
35783
41820
32580
13527
11800
32862
23540
26695
14939
36453
14566
18603
28775
44335
11914
21370
40745
27669
25125
33569
30175
18312
18118
30810
43805
13656
42377
24931
21337
34575
27424
37125
39524
20102
39076
11846
21255
42901
24013
40532
16919
39249
29210
18176
9486
28943
37110
29983
22376
25799
29416
29276
26859
39572
19648
22902
15907
41634
25688
41858
13527
12873
39234
32740
26034
24964
40959
41335
37845
6397
26519
14912
35088
33132
31813
2469
35616
39077
22221
41908
11007
42379
44004
27263
38199
26364
12241
34961
22426
33180
30501
29046
40479
28780
6443
33117
23709
31192
27389
43960
31770
39926
31278
10785
16096
29989
21880
44513
38378
12693
21441
42179
35959
39795
31978
31277
33153
25917
26946
19922
15307
32353
44640
37199
32374
23495
36942
42635
38911
22501
29188
37612
33564
36115
27378
40083
43395
30153
10569
23780
35401
31449
29285
39719
36920
28679
36640
24556
15946
12505
23015
13316
25582
34109
35939
44466
31706
9227
9668
32068
32275
38281
12923
30361
32212
18701
25823
12312
38525
37935
21630
28787
34287
14482
33118
42177
27459
40525
24972
36411
38214
31473
36403
27696
19165
22192
27755
19508
20565
32731
43816
44709
28337
17479
40087
44240
36316
38418
40433
9414
36547
24466
42466
40168
16294
42003
33472
28401
30693
11677
41621
39236
36134
41022
38869
34285
28815
17095
32049
30029
38982
42651
22601
21414
40462
41149
3846
39502
44468
42808
25044
33790
33949
14872
31137
43486
37843
38731
44463
25616
16778
33536
7162
34551
30213
21308
13777
40541
13925
28153
13537
44492
18866
24849
19113
30196
21729
34948
29319
40686
31678
26210
16464
34754
20054
28444
16574
40842
23057
42915
28358
39825
17730
40388
39764
31785
20051
33803
40441
44621
29108
17756
23630
35049
43512
39952
22148
25690
32403
33652
27348
34667
37795
17048
12441
16759
20455
24764
38302
42962
44504
41750
43949
21039
29736
22432
27342
38843
31113
24302
39570
39450
27055
41491
27585
30249
31324
39625
29055
42275
23971
22685
38633
34463
31969
19505
26805
43504
37457
34774
28647
30699
44089
31110
36505
28306
14837
38144
32990
20262
23663
30847
22810
26148
25025
24193
14352
42176
24591
41656
38216
20144
34076
23200
27551
29889
42447
30771
14682
36402
11238
39270
32849
36863
27034
27927
32585
37505
20148
37990
33869
27258
30293
38997
43814
42502
42798
42994
14548
35825
39547
35243
32378
35962
28465
44635
28678
2069
5017
25159
21212
31927
24353
26766
42292
26638
22191
29085
37149
43251
43696
43763
42664
34384
5609
25901
43256
17168
7508
24788
41095
14982
41375
14194
32449
35435
38892
39213
17621
11377
43078
44558
29303
44412
40214
15201
31300
41658
40300
36737
36934
25262
22125
13573
35732
35841
32055
22022
36380
32868
41491
29497
28419
40567
42493
40836
35939
37371
36066
35613
4682
5012
29210
37364
37913
28903
13962
31320
39936
37666
14517
37529
29816
16467
24641
26080
20237
37903
37352
39814
16700
26162
37290
7594
36403
29693
33993
28862
38751
43518
15250
16343
43527
22029
39671
32153
20931
20400
39112
39221
22396
13993
22757
22538
36452
35731
27599
38458
11129
28127
28847
37150
41496
44323
42959
24300
21205
44243
40599
27019
39781
20164
42471
25715
32903
27118
42088
40380
14445
21122
30489
36911
30117
39775
39606
30584
13486
32180
18129
37940
15519
43876
25836
32103
42044
17304
28209
36624
7540
42585
8694
19997
43250
43630
21998
23594
38486
27351
41562
24187
10746
8684
23561
12039
34889
35959
40880
12967
11428
39771
37624
17744
17019
35285
21877
43830
22447
43260
36133
15577
11608
25566
16349
21820
32562
40297
37398
25594
19575
38994
22145
33998
44674
28326
35986
20267
19029
41688
42333
6078
33775
35999
10701
14422
31803
42336
13689
6230
40284
40755
40264
43139
23252
23138
43101
38804
42775
42161
13354
32035
30615
26792
43267
42819
39736
16878
30352
7736
37293
31584
38983
13880
39106
30278
42709
24609
38051
28655
28707
27498
22187
16439
16549
44661
38474
41226
27910
35807
22930
32500
26523
32454
35307
12178
7301
6894
28255
38413
38648
30009
34930
7734
24940
21122
35714
44524
38526
11017
35200
29509
12696
25617
32992
38028
24230
40222
39601
20518
42748
9429
43482
8653
9257
7228
16934
40430
35602
25855
32497
39846
37249
13824
22791
30305
27962
39179
34123
37761
16389
38875
19011
34350
32845
12744
19131
17445
27174
20354
22892
39850
2656
29419
27889
17958
35224
21234
41142
16222
30201
19282
36274
30887
21266
25504
6709
21028
8616
8226
39564
35499
9705
33678
25579
25966
7055
29101
41031
37455
24308
42584
32977
28481
38483
9050
33539
43572
34181
43724
22884
22287
40070
30156
25818
37985
41381
19317
42051
26141
21804
39380
28714
16803
19674
18824
39600
16009
23470
17383
28577
33160
38516
43717
36659
43220
37081
8575
9429
26758
43113
20204
21915
35831
27788
28917
22437
43868
14057
38470
32604
41731
42031
41216
21606
13061
16795
28510
39224
36584
20421
25938
38581
38528
23762
9966
7539
37657
41247
38780
40762
11660
38282
37254
42105
40424
42228
41719
24921
4379
27059
12593
38258
32905
19524
5012
10518
30564
19764
35614
43101
25588
33579
30102
40034
31007
16275
40928
41791
39496
42642
35545
14916
43554
23234
19156
26917
13158
37736
42313
11530
40678
14317
26731
21067
22541
15513
40301
28912
34792
25485
44626
30680
14798
35917
33900
19068
10047
35343
20788
39801
31413
16902
36980
20506
35443
27571
22411
22010
34757
32141
31210
19012
29421
32682
40544
27322
32882
29569
40508
28934
36903
39798
17700
39981
29042
34372
23554
41237
37448
44716
30184
33705
26059
27115
36015
24376
36780
33549
35784
37947
17813
41523
40453
37005
24861
4329
31531
36639
39766
42476
31653
34770
25569
39446
42716
33233
34661
34592
35084
7917
21634
37756
36762
41872
23856
33881
35324
32369
12592
38965
40266
21878
8412
26435
14520
36126
31603
28805
36601
21240
12647
9800
34942
14775
39871
33291
37920
16344
40124
9102
25406
31826
20602
40342
43856
44597
39283
44691
8039
33348
28253
41294
32285
27613
38349
42551
23234
20516
35099
39178
33983
34669
30811
18662
32812
38418
38702
40039
22977
41904
40453
37730
38617
11798
25687
36337
42870
23944
37069
12961
31489
15773
13876
17976
43172
8590
26759
27950
33862
32687
20868
31334
21629
35887
42281
28341
26713
36823
28062
41302
25040
41126
7914
31564
36523
44240
24358
37945
27781
34311
41978
37853
40529
22861
3988
30073
19808
20945
18801
38073
27105
19012
29501
33402
21682
25824
23160
42797
19579
27078
25010
12588
15598
44006
10904
39571
30310
30716
25840
30407
32662
42628
41962
7912
7116
22468
31728
36161
36914
39642
5166
15199
33270
43978
41787
42732
1815
32818
40237
25028
31852
32499
42147
33830
30211
34997
41111
38775
28136
23635
14883
27396
31491
38625
43958
28100
16924
24006
15638
39371
30831
26299
43783
17112
30014
32517
43105
12460
8390
44151
16809
38246
31044
31705
32011
37822
16093
34393
24762
42295
43654
24376
41190
37516
26580
18650
40467
24781
41753
37669
21240
17783
34787
37872
14449
44181
44108
30233
12526
35207
43322
25651
27114
30283
17639
44029
37945
33582
40990
16143
23679
26869
32558
38578
37984
27423
38330
43294
37245
19887
44624
43209
31451
40930
16874
39896
42124
38546
32051
37198
42204
41810
37680
37292
35128
40749
37533
19993
17948
27827
35937
19295
30457
12762
27893
37505
30782
43116
30530
37518
14812
42606
8960
11981
37624
27655
22815
10251
17810
10467
37811
21544
9890
42981
39649
43599
19032
20592
20353
33743
41542
35717
41450
29017
38843
18860
28662
30708
40328
24284
20296
30059
11088
20197
43721
29395
14551
4883
28017
33525
27105
39963
33979
17353
31138
11025
6521
13262
32183
23181
14387
37890
18459
42045
37666
12513
39855
35738
30611
44273
26296
22227
17784
29466
41208
22984
11837
42260
13358
12735
12217
33070
28326
37982
13921
31226
18651
44552
6045
37131
41741
24389
25911
34141
32145
35742
35994
41462
37537
15612
35135
36418
25186
39848
36617
32110
38712
19242
28192
37041
21596
34668
13002
35931
18664
25730
29905
11355
42068
36027
25935
33077
32789
21378
34048
33480
33428
6744
42624
30101
32526
40111
29061
38140
35278
27618
44313
42804
14854
22557
33435
38614
27094
38057
35478
36264
33203
19611
23410
26113
6744
4798
10790
32874
33964
41725
33376
29228
33933
43988
36455
15859
24550
31726
9941
43674
24156
27507
39415
34717
14987
41290
31343
21849
26839
30912
32963
28271
39372
17095
39555
35818
35953
42333
15357
35843
22728
33208
41719
24577
31569
35613
13865
37438
34435
39272
42108
26470
31923
37866
21032
40952
34205
34617
41625
32692
10771
25231
19207
22427
38879
6461
43934
38002
44293
16320
44607
23641
38862
43531
43070
41992
17802
21994
38938
27715
22197
14540
39190
35443
13140
17851
19128
22985
5246
17553
12228
43181
30414
39221
21213
38312
32657
40067
43212
37149
29256
32020
42423
29086
17608
30468
40545
13706
41494
44273
42311
20905
18345
5807
29831
33466
39038
18267
28697
30062
18413
36076
27125
40251
33758
40605
37378
36851
43786
12289
26347
18851
5908
24311
26126
26958
16816
42196
40689
15035
12806
30734
37874
33032
41089
20732
31715
33012
27356
15798
43090
41653
22941
30575
36715
21138
35974
28738
43297
31236
36330
41739
19226
44349
11693
37259
23621
10494
20200
25814
35468
31544
26218
31702
38567
6584
27949
26473
28294
26072
39301
27679
10305
14745
35219
31864
42029
31562
29961
39030
22102
38071
43260
39941
22677
26407
31103
27397
28304
30926
17524
25813
16395
42342
24458
32979
28166
40813
17413
15748
24002
34931
20442
35520
24769
27809
42088
29999
44650
41839
30727
36143
30143
35980
39611
35392
38398
29252
38267
35339
8575
40160
42334
23623
30590
40500
30936
29513
33227
17999
41379
43401
35742
21820
19646
32598
34644
14696
42789
37367
41558
33476
23652
32886
31862
40309
36778
33691
26573
41475
27349
4719
24052
26723
36825
32184
30696
42226
44015
43639
26604
38271
33492
10853
16201
36873
37369
41081
13872
42842
36039
42120
30409
33840
17140
40655
44585
36753
43382
27620
28554
20381
30845
40776
24018
41590
37312
28195
24318
23845
38711
18850
13197
38808
17563
41116
44499
39149
32232
16759
39556
29737
40795
27483
36640
40407
24059
29199
20739
17693
42034
19746
40981
30792
28691
40423
36311
31433
18823
7454
38722
9121
35340
39812
28603
9460
26315
34081
21068
25280
23087
16797
42818
32098
23557
27811
44137
42231
35988
25866
26124
40067
19343
3599
23171
38519
8347
30785
20857
36391
43445
35953
34512
41376
39371
9205
41688
16775
19688
16997
44014
19406
34794
25309
22089
39330
32054
30844
33185
40885
36882
37168
22147
41228
42443
17988
27950
37356
32742
20755
33428
33083
38473
40396
35687
21757
5288
35198
17325
31937
19582
16481
20918
32847
36880
34129
44004
32928
43385
44061
26736
32819
26113
19533
23717
39123
31984
17960
10315
38221
30243
11218
32489
26448
44292
43216
28974
34112
9336
16133
17879
32104
40190
43239
33818
35547
40158
38086
38324
41573
39973
17024
33427
28020
43107
34810
36806
35656
24987
23166
35158
29849
42200
34032
24480
16752
42305
38684
20341
33427
41885
12129
16350
44271
28922
34806
31792
16026
38958
21450
21393
40567
12553
35701
39311
36595
22365
29889
25218
42604
8296
38484
19614
8857
41407
30972
33385
17601
42395
17001
26235
37519
15237
31130
35316
34251
33151
38774
40462
43190
11937
36996
25763
34390
10494
29007
25834
27452
35051
34582
27084
3738
16239
39865
25147
31306
20875
33675
31809
43976
39974
35976
43427
38662
17418
35794
16280
33096
22841
28320
39499
39805
42250
40893
38918
42522
1926
36201
23978
36585
38534
28083
35651
29827
42596
11221
21294
37089
39614
38301
26263
19322
37618
37435
38031
13805
39472
42833
36045
14953
29030
30810
16538
15939
38617
14232
34800
44509
23405
24760
21852
41405
33330
25125
27002
37038
24725
27392
31825
26480
17689
15588
33841
27560
7532
40081
24324
43209
38379
18885
33395
31818
39901
36704
34163
35571
26282
24422
12013
22588
34007
34850
34870
28095
34659
43626
37127
40682
43010
34354
16581
29924
29317
21269
44005
31699
44459
44588
39350
36742
21400
14565
30938
42024
37147
44715
34213
40263
43092
44317
39649
39173
42939
22858
38716
43121
34092
10831
34748
33160
42825
20607
39155
38281
39743
43456
37782
41639
16429
21939
27803
42397
33491
42742
25496
43835
41830
24552
28393
30773
40225
33665
33402
40128
30399
38750
33765
27717
14738
26309
9184
38219
19776
32945
25175
34308
19565
38866
40270
39785
32228
44641
8739
27130
6612
41035
37452
35379
17587
37094
28202
21393
36220
33665
40753
40246
23210
42123
38661
33400
21369
28911
41672
44094
17262
41718
21199
19451
27350
36190
35821
28245
18464
41605
41972
41811
20473
40044
34031
19856
28059
38740
34731
17783
22645
19220
35390
42524
28666
32659
33469
20150
19702
31180
37959
36278
5916
9244
35739
27550
37659
21153
40718
40492
42931
32112
42069
42395
13016
39744
18590
12233
38253
42641
7601
29025
4713
34151
15147
39495
37930
43129
38176
40827
21480
38908
19717
38755
14717
34607
22837
22295
44367
37800
25672
39527
43064
42952
34875
44366
34304
14056
38964
38047
32522
20874
40504
13774
41003
33276
43784
18149
9255
18096
5688
20556
16510
35168
9893
11210
18255
44242
20666
26922
27021
30018
23774
37095
10526
40205
40116
39978
19951
29657
40919
43582
25722
32997
24023
24460
25606
43999
33377
7463
31987
31680
38656
40180
33756
32106
40887
39398
33111
37304
19843
28262
44352
44098
44075
42981
33429
4168
35038
35264
39007
30770
18534
32612
41805
41462
16482
33193
28621
36273
28794
32059
6954
14136
37500
15271
37909
34768
40094
41150
43086
23783
18895
43505
31614
39726
20656
13081
4699
18840
19829
22022
23334
26085
41380
42775
36117
40034
44232
13499
23371
27173
28339
42372
21566
11164
14189
35203
27752
14674
43471
44297
39849
27461
30426
28016
33227
29593
22950
32710
17180
36793
41096
33916
41207
29745
19260
39438
29417
39185
31044
37382
33524
2316
36723
34504
30223
44189
30752
26977
41238
40659
19524
34275
18075
26334
35790
40797
21357
43237
23206
22364
17635
36146
34162
20193
28637
25472
41635
39785
21803
40451
13763
40138
37372
32750
36546
15469
29509
39286
42562
31356
27980
17454
10207
27145
40790
7732
39047
30204
29410
34740
24185
37724
42097
30502
5137
27111
21177
44114
37505
36257
41648
41430
21759
34716
28277
44289
25686
41172
6865
31880
17119
21229
28728
5720
31886
30322
19057
38958
29425
42202
30699
13151
14881
17411
29677
37355
28257
8185
26873
40706
40796
44510
37931
16347
12909
8249
7083
26896
24245
30935
32972
21202
42620
41167
27107
40589
26839
33723
26208
9327
12782
19547
4356
30077
24427
38763
38055
42054
30571
30434
44503
33092
36253
26009
24896
43675
32711
31818
36266
33895
29710
40409
38510
42140
32385
37060
44174
19697
41951
36110
43705
43929
35398
16632
43113
40392
42052
32967
33835
16965
17280
24447
26029
38488
36966
26212
17797
39855
40920
12215
32560
41415
43797
20488
22456
34581
33396
30307
36309
25683
14608
38657
42093
32387
21884
42535
4662
41179
41049
29963
32810
41732
29451
16487
28057
25921
24259
44310
31220
20516
22067
14905
43096
32692
19806
44278
39237
21796
34690
32241
44472
35481
40212
37335
13606
34311
11667
10298
19339
27412
23161
30761
40375
22147
36431
39411
33847
44063
39039
32280
30163
39763
35461
38906
12695
34746
25809
14371
40260
22056
29896
32941
25819
18095
38922
35590
22406
26430
18714
21493
32022
32634
38658
29539
10325
41297
43950
15959
38886
24706
16868
34090
28291
15764
24292
33449
25412
35560
24279
29666
14392
32601
27245
28575
32079
32161
43148
35987
37658
42743
21702
23780
26132
34364
20679
20352
36058
10780
14765
16758
20146
42840
28739
23727
6488
14368
31960
21671
37750
23980
32352
32069
35899
20738
42689
42280
32142
34772
37505
39915
34302
25946
40582
28356
34699
19406
37168
27815
43825
26753
35190
28143
10822
37847
39329
44460
22548
15810
35023
20455
41036
5259
5349
19333
37521
36056
27269
37343
10718
18859
38202
13740
37212
27427
19840
11010
9839
22784
34810
28530
8767
16465
13667
35372
28195
15224
40772
39034
35813
41807
25385
24456
33269
18732
36988
31215
19176
41771
7104
21809
26995
43567
16678
29677
28785
40030
19223
17908
27366
44075
34949
36513
20702
37636
32569
35238
18608
35505
9275
26446
14255
35970
11087
41021
26231
35432
9330
11982
26302
27556
43641
18928
34826
32227
41153
25628
17248
42767
18964
31994
36032
37569
13986
38553
40302
23838
23483
27969
21519
14062
14989
16154
37523
39552
32811
20633
27181
27056
37670
13285
44624
38045
41838
34048
33931
33164
19883
37316
39860
9338
24327
17232
35095
38379
26129
42770
36130
27124
18106
21277
24689
21446
27816
37356
6992
35583
43145
22407
40746
20251
41357
40323
37324
17625
42119
33677
38746
31942
28439
23841
44606
39683
23017
39096
27764
30586
5897
16858
28170
4734
35516
24828
30656
43607
11817
18964
43405
12240
38638
9508
31363
29848
40593
35338
41791
14959
25264
10730
40382
38101
40638
19039
10395
25958
13858
40444
33016
43456
26731
44445
26838
24855
31725
42775
24704
26697
40717
27326
18022
36824
37897
39038
40863
41042
32794
12955
38772
34360
43822
39225
37422
39978
27229
33303
9079
38058
25051
18846
21658
43132
28502
24897
32794
44306
20689
20717
44279
28673
28379
32128
36569
13130
37670
42579
28635
42626
27475
37820
35274
44190
44682
20582
9990
41553
1605
21276
35121
12689
30471
23406
27765
24082
40818
34705
29036
33564
12923
17819
16175
36808
30330
21607
38410
5063
32948
40220
36494
24339
22677
41366
15508
43815
21885
41728
13104
39686
39897
31569
44633
36127
27133
41190
10092
36347
33711
26861
36765
19475
26114
41010
13219
26034
30744
36650
35277
33050
6675
39231
29697
40034
19026
36594
17086
17823
28730
33884
14632
28998
38348
21852
44299
27289
37886
36109
21681
18926
42124
22331
42866
36950
35041
23872
8450
27751
36344
36087
32222
26879
33281
34962
42294
17822
31946
16707
42978
32125
31495
26763
27017
26836
20408
37981
33093
40295
37371
25542
38516
25105
7695
41772
28329
6968
12175
32614
17676
20358
37803
30724
41308
24050
23582
16634
12369
15924
22306
42070
41693
6260
30167
12013
43097
18206
43038
16011
27771
25783
42946
38315
33572
38245
28075
24177
36952
30223
35456
24406
42921
28016
33039
36712
11690
35623
26472
37555
25065
30994
22767
41501
24213
43384
29602
21538
43186
25785
24540
44549
7659
43629
38844
43677
37016
29279
24869
23391
19121
42380
39170
39802
40074
32109
39153
32975
42025
42400
19054
6813
42037
37628
35923
6521
30098
18785
32329
17266
38823
42471
14614
35284
21866
34255
33871
14983
34237
25290
30008
33570
41485
25409
28947
35151
42023
27860
40798
18421
9917
28214
33244
16208
11319
20671
13027
27580
32308
30319
24680
15875
26700
37210
12474
42284
40642
27443
15151
34197
30933
39112
39658
16391
22511
23448
38065
18722
35612
22995
40536
44316
41841
7924
20532
8556
43792
32907
25747
16631
41408
18210
42026
33653
41223
44408
20561
30200
28768
14004
26602
37566
33682
40720
20841
13478
40250
42182
32476
36413
36633
42696
21938
42366
21105
10113
9460
22539
15025
3857
14100
19869
40147
26986
42217
10151
28068
44285
37540
27535
23122
28925
35857
31612
44484
19997
44690
37133
31279
21686
35688
43337
17749
25857
33970
32703
33296
28388
38002
29879
33771
38517
39463
24485
30497
27448
8712
33122
8434
29833
17231
30417
35970
35267
27735
42847
44452
42822
33487
40214
22737
37916
29046
37136
38520
18754
9373
44036
13561
21215
34979
21515
29182
16732
42599
33471
27560
19207
41387
11790
21881
28577
43833
32360
11302
33528
37536
25048
39219
38700
5256
39361
40036
33318
27638
19447
33970
25435
14115
44381
19196
5879
32439
34797
13063
11939
37714
44174
7140
43625
37822
13896
25178
14515
38050
39085
43421
38426
40889
27386
15834
28337
21338
44668
37291
34485
17293
38937
39618
21878
44121
21946
41624
8197
23637
31562
40228
28894
44067
35796
30080
7420
31605
34164
37713
31938
38687
29814
27463
35015
6931
37637
23856
38040
43070
33250
42603
8555
41391
5828
38630
43587
11216
42641
44564
14138
25357
40763
14606
32387
38709
3351
30250
39742
22216
27786
29348
38880
21403
43201
25533
40812
38882
38163
30431
25042
36505
33555
39582
11631
31612
35684
20029
31608
20713
33831
33917
40920
39714
37529
42095
37632
40890
18257
36012
40324
22097
43298
37999
8597
41613
40326
36473
38937
22030
42353
39789
13164
15310
15315
43985
21113
17160
15924
41988
34042
40069
38401
21281
31767
37411
40074
33628
12135
32731
36967
42993
35252
40938
35358
30246
21267
44226
34508
28324
43475
31551
41541
38614
32830
13565
39676
17451
19944
41431
37920
40751
14669
35384
35622
27038
14358
41036
42679
32466
38358
44129
6738
39118
42827
39448
29674
19697
42990
28336
12360
33440
11637
39100
33108
23193
28342
30347
24333
19920
43569
30506
35754
36581
26067
40293
13641
38085
19164
39548
44377
17903
37301
2615
28275
27417
25629
38871
44152
4460
33058
38944
39432
18414
31792
35175
7507
33605
32575
31207
24159
18846
42490
28802
33981
24643
26942
30891
42105
30836
43223
38646
28521
33327
39015
35288
34530
20514
21616
27770
27510
39551
37738
36929
21573
19281
4083
39137
31373
43783
37694
15590
24278
14153
40535
43102
11485
31789
20986
40736
36168
36978
11745
22886
10957
12678
21261
9163
43311
33649
34780
36930
37681
16207
35439
34691
19725
33897
43445
12234
19410
20151
34609
32754
40541
37650
11904
38903
29892
32212
10526
33567
43312
19841
40976
38651
31912
37805
19128
35799
18948
32720
36006
37266
20997
24994
37151
28673
43662
19794
43506
40392
38561
35612
17882
28383
14781
8999
21684
40638
7229
33515
20151
17534
39842
33892
39842
20561
5812
20402
39902
9233
30399
39906
32472
39539
39081
40168
36593
27649
38785
25889
40993
33863
39584
38581
21630
31950
33670
6852
24962
37359
41648
42217
20856
16795
23348
30403
34805
26539
43652
13822
14632
16736
39465
36526
14283
22372
40753
37754
12082
37136
28293
20766
39744
30198
11063
21229
35737
42902
39761
17266
42571
24407
20410
29294
44091
43551
44407
17250
13091
27964
37512
14331
21823
13174
42700
41729
19784
40437
39224
23160
30028
40860
28605
35552
12094
33791
43354
41221
5721
28287
35831
44301
14918
43702
42757
18469
44318
12067
35470
19203
36695
27636
40343
32027
24371
33045
35595
40055
39940
29488
40668
38811
7893
22882
27678
41692
21889
43157
7560
32007
39912
41576
40826
23113
31284
42957
18639
27568
20630
34739
38039
44108
7692
10985
15066
42321
42372
16769
39023
29487
40328
5547
24830
25659
39465
30193
35309
44321
18051
44364
19883
36460
18584
38725
34984
40379
33799
39652
36425
40849
42991
19577
12484
31022
28660
23519
32315
32961
35885
29116
17938
13990
31525
28570
34983
21111
44464
5076
25351
25256
41319
35367
29833
44407
37991
31963
39443
42818
28154
28324
22925
23386
29654
27335
10254
21402
27597
31589
21032
12063
15755
34659
18989
41603
37225
20934
29238
36410
19360
34267
28081
44399
34915
8343
28792
26725
34675
43623
15599
42158
29186
39735
35058
39398
31317
42718
8527
28095
29640
19079
32056
28237
34357
39167
14233
43461
33554
36448
19643
29884
40274
44048
24722
24876
40710
12431
22931
34715
7308
37964
13727
37632
27041
27165
9151
42000
35540
44228
43275
31855
38193
30727
41091
18683
22132
29017
37518
31026
17544
41535
37638
18693
16450
17190
40992
34567
29446
38706
23899
43517
40407
13334
28162
26044
29181
43211
44315
27137
38829
43176
19409
44442
40282
36008
38756
36649
40110
41691
39635
34092
43728
40862
21431
43091
43036
25118
29413
22082
26883
26816
6886
26920
14564
25017
6744
36764
38848
29364
37163
31050
20148
37528
35721
39753
33623
40402
37220
23532
10696
6949
28802
24178
32243
35282
31784
33302
41875
28135
10927
44485
17218
29230
25327
12679
24187
27846
38814
12066
26916
39503
27235
42454
15410
27748
34628
36155
42839
22590
34159
32882
27308
30813
42020
30258
22206
28965
25276
17401
39910
33611
13712
30901
43637
44105
30606
30376
29202
35902
12951
27754
15952
28260
18387
42311
27991
25486
44321
38017
32056
36471
25352
43237
43387
32536
18086
43962
21274
36404
10908
21056
44146
44436
35015
4817
27254
15904
40382
42836
23286
44276
36904
34618
24369
43581
37389
6278
44604
9998
28009
9487
34434
36340
43460
32084
38398
11914
44642
35779
40084
21124
9526
25281
30142
6473
32784
20235
38348
18496
44492
15135
29113
23267
22448
44132
35795
40142
15783
30706
10700
8092
34193
38479
28270
32395
41682
16464
1947
41734
36257
33918
31260
38130
22512
17577
42512
29894
42222
22498
23022
22796
7731
18988
29850
10052
30710
36784
44077
35109
33414
21506
43102
40807
31248
17622
43673
14851
15097
24340
29819
27880
31607
29401
30614
28749
25471
27519
34432
42484
43197
42216
30677
25083
25728
21892
39448
9145
28897
34538
32360
42342
41169
21308
27617
31106
17224
3866
23493
21420
30080
22013
38157
28862
27334
14646
35329
43066
16486
44559
16785
22969
26308
11322
44568
32580
30146
26015
26776
29453
33494
41790
2613
19412
12489
16268
25694
27028
44186
11735
18307
22520
31720
9921
13571
37936
41200
36700
34534
23132
22309
34944
40317
13059
41484
21865
39565
29527
33166
14890
24956
21522
40879
16918
43053
22036
21747
28718
39607
34499
28137
34230
21442
12684
23783
26131
33292
27869
42275
15215
24056
41530
37239
18299
41431
30438
38868
40452
11434
35225
43406
11733
23587
22198
37346
11771
41286
6860
10736
5326
24588
40364
29823
14592
35810
44177
39740
40737
12944
38482
28420
21387
28343
31143
24990
24958
39645
42322
41506
27182
23210
23607
36526
33468
22251
31669
4999
33684
32152
37634
4405
43930
42843
15666
5101
26104
33070
25377
40713
24259
7099
17288
18712
36639
19449
10490
21291
25380
42312
25286
24158
40311
41764
36313
26598
20510
36481
29704
37959
36465
39021
41221
41167
22568
24375
30513
26069
44320
42609
32188
31528
31192
4346
33121
42908
28126
19121
28736
20182
27658
32659
8526
36878
24586
12861
19063
38313
6277
26020
41653
13554
33237
32505
29198
41897
31174
25145
16637
17064
40818
33405
27926
26437
39160
44066
37821
42323
32126
44503
44239
44463
38474
20081
26886
32760
15194
15891
32745
24459
12102
38515
15475
12820
30114
37028
8545
28808
24819
27498
41569
32831
44192
32819
31583
38156
33127
38890
31045
43092
29444
30734
41936
18781
34771
32454
9835
28790
10886
36786
18763
27522
28705
38717
30435
30353
35957
41240
38396
23262
9067
26308
32908
34689
15581
23056
40072
9643
33372
44068
20615
19665
40606
36355
17486
42130
21879
24380
41103
36386
19587
12960
19309
30656
42801
43238
19471
29297
38822
40348
34956
25358
24106
19419
17823
21921
42418
39137
34705
18066
36780
31706
32228
16679
44556
32033
37451
42544
19413
41040
33020
25823
16374
38359
44704
43351
35050
34457
34838
29042
18147
38346
34760
31622
5077
38197
30092
7578
19842
15235
20195
26388
25199
18144
30105
42099
25165
43619
29557
32153
35420
38384
37722
37139
18275
44311
38236
16478
37571
36249
33381
13100
23272
14009
5250
38792
9118
15795
26433
15026
41366
9388
16276
19318
41005
25823
30019
39157
23493
27261
37361
23002
41930
13049
28300
36596
39711
42898
44370
18753
31992
30950
27218
31294
30961
42132
43305
20934
31095
32700
44178
16715
34208
27931
8431
43239
41267
39260
38983
19014
39523
27591
41865
14330
39657
43960
22400
27570
23253
24161
29355
34280
14752
42482
42389
33190
22385
24524
29127
27868
36895
34328
8117
41874
21582
12785
30513
26112
28138
29408
22845
25466
33451
37856
21496
36222
28272
41869
25558
16950
42273
22850
37950
22402
43299
41054
10915
27007
24046
24598
10874
39772
9111
20580
36521
26406
23403
31017
42713
36228
30409
17273
25299
34357
36180
43951
41664
20907
39455
28644
36494
18803
4084
40604
33096
37931
40491
38061
18102
40687
39915
44704
41205
32980
8791
25689
22353
33794
36467
31682
33619
34916
33153
21595
23035
27161
43562
38356
28847
38547
41372
34030
35886
42409
20041
44235
43521
20286
39427
22924
40741
19237
40903
27622
21144
40768
33435
29376
15810
43178
40819
38574
28449
35679
44064
19207
24350
31818
30789
16518
25796
20451
39874
44261
42310
18217
35075
30989
31103
38056
23811
26203
18012
30493
22732
39265
24262
29801
44245
40848
38011
30881
33906
22515
26260
30864
33636
9677
40546
16441
36332
36857
6441
42089
43240
28756
33810
27775
33956
33601
34096
44262
23734
16254
36266
28959
39691
16121
34894
24104
33408
21048
18569
16933
35539
27024
11010
18043
44582
39056
28026
14096
6165
20107
32735
37152
15333
42261
31306
38364
7280
36653
26763
18157
37809
36750
42544
20842
39309
37585
42919
44649
17238
27461
44415
25715
34872
30517
40448
44512
34423
42593
22217
42501
44655
42586
11274
24763
14973
9409
40507
25839
24617
21111
12333
35129
7592
44323
36691
18205
17740
30461
24918
33236
29773
42348
36865
39365
42815
17417
30749
26098
24735
32384
38310
43610
23914
38172
28960
23808
42299
30875
28881
10141
38001
13246
44310
44569
14094
44083
16886
24570
22821
8766
28908
38579
43773
32032
11154
13703
32396
31251
34365
38868
38432
19503
18681
16970
38320
21645
18092
34164
29713
24084
22725
11878
40253
20538
31225
43843
35910
32219
40933
44539
37115
36222
39499
37627
39332
39407
31836
23901
23114
35116
31375
35691
40370
28050
22620
41033
37184
29878
11664
31778
42945
33187
20354
11256
43403
24958
39925
30429
41567
39686
41767
43446
43717
30449
44393
16072
41029
34884
20674
37126
13227
39750
30222
30614
20890
33432
30650
38590
30987
35686
21975
32864
25219
10255
30738
22781
11515
11565
34330
18251
37078
10888
42248
20201
22484
40489
15872
36638
37748
33818
31684
24275
43813
29323
25685
37751
19052
41552
26629
36778
44383
37095
10943
35819
29724
25707
29538
15648
26642
41163
43368
4042
34595
13078
33712
42654
41414
10361
31900
18109
42025
28456
44476
43230
21704
25598
36841
22592
25649
22098
29618
39726
23044
43764
27593
26170
43674
6426
38189
21731
29570
14426
5635
29821
20998
17900
34904
38000
26424
19869
37489
43480
37341
28166
40309
30977
7894
24359
23936
32368
39795
37739
20879
33722
13604
12912
40555
34053
29373
17026
28311
25906
40935
23513
32544
8820
37917
29199
31848
17213
40349
41620
31789
18666
19952
32085
40879
2978
34091
19038
26016
41120
10723
35024
16096
22461
41014
16649
36063
25304
30769
38644
35634
39441
32244
32681
41839
35619
44438
19200
36120
14056
30251
39434
23513
16367
36785
44603
25976
26694
26109
40441
33485
24563
44320
28989
41534
2534
12101
34615
36007
33252
26587
19136
42370
38967
38039
29743
43010
39134
16689
44086
26318
12053
42582
43247
37731
27044
21555
39196
36130
27532
29390
39666
44419
43625
35590
35431
16340
28873
24821
41004
43419
35210
20672
23429
22258
26397
27203
42962
43777
12257
40909
30607
21249
17837
40477
14947
38227
16360
20103
35322
19974
41830
11497
26191
20278
30512
35877
13051
36565
44591
43338
35188
35090
33201
44123
32692
18531
28896
24691
29631
37875
39832
35728
21869
44472
25471
41132
44423
36027
40046
23355
20213
40750
38384
41844
23159
17096
23296
31878
32722
44040
20371
16667
29509
18144
6875
7367
30154
35958
24248
41947
39070
20595
28220
30958
44314
31669
32646
22618
17401
19752
35822
44284
33911
14923
18848
32590
26890
41880
31204
42123
40780
13192
37690
28389
20089
23173
11433
11589
41832
37624
30571
21966
41942
18895
39448
27474
22022
5076
39163
13697
24848
33957
23223
29163
21252
19983
21305
14501
23398
11909
35882
33935
17767
42283
29130
22849
38928
44135
14176
18149
22469
44556
27904
37917
27474
43463
4347
5688
23970
17148
41141
12472
44234
22984
10183
24265
40604
30682
20506
27973
26152
13959
11196
36164
7261
12885
27325
25467
39007
43918
28903
13603
24772
9020
30290
12005
28263
38161
25046
38892
41523
3790
44105
20912
37157
36786
43223
33833
43713
15278
26132
42880
24295
44053
31728
35717
44483
6348
39482
21825
20586
43749
42586
20746
33290
15601
42594
34357
39162
11624
34070
29651
32833
30894
29003
26961
2819
7842
39314
28594
28419
36309
32134
26778
33412
27915
16614
19989
37566
42234
22791
13008
10871
27160
21801
20321
22457
18348
19545
26020
17877
32054
44208
40085
26215
39002
44255
42790
33890
21741
43230
18301
41154
31567
42773
39943
25747
44439
41498
26992
36664
16322
26186
36531
4219
41730
29416
34065
4116
41348
22834
24761
32684
43419
19920
36669
30322
31001
29399
37760
28149
31471
18083
43913
43289
12515
43755
34435
37654
40107
43391
24990
5415
41360
32187
21337
43466
41064
18240
25309
35666
21825
41150
40900
34033
36559
13918
44398
43771
39260
38762
40356
26597
43331
20654
34873
42998
34544
15070
26099
33351
32904
23358
35801
41678
42886
34091
29435
35243
33871
24283
29966
33655
33379
32805
28356
42301
39881
24495
38144
17039
24076
25424
28298
32014
33363
40417
9131
36609
43033
28708
33070
25935
42082
16832
41576
34759
28326
3558
30844
36759
19617
32926
44033
43583
34435
38847
10309
15133
28135
12433
33492
25167
44552
21080
29706
37784
44150
20039
10977
36965
17085
43545
9281
32421
32053
33536
39244
29606
43024
41773
18868
11999
41742
41180
23613
15046
16442
43348
32563
38700
18514
35806
38954
24915
29757
36851
35038
25007
37097
30944
18487
33838
41808
21861
20642
40186
16522
41394
37477
42131
40382
20857
27877
39729
44183
23532
20972
43387
25973
34481
39963
29977
16790
35714
37599
44296
37850
39490
38913
34718
11161
40066
42415
28723
44059
28392
29545
38349
8507
24994
27849
26410
38696
38045
11148
32333
16734
32803
17832
37310
18490
36187
31344
32605
27463
30677
26900
29769
25859
41260
16540
43438
21557
44161
36367
29504
22225
33634
36906
35597
42228
8370
31694
8294
33462
12974
42318
34149
33170
26116
3295
20973
6783
28132
32457
6936
44027
24844
20183
30968
29458
21087
43408
24624
37303
33477
40653
7204
43032
26037
44533
37056
38466
23422
18355
9457
23834
28908
23225
44296
25642
19638
39703
40905
9768
37886
35168
20854
26613
38247
34999
35072
25465
23271
43668
41396
34796
25799
43909
40180
43789
16578
24053
42790
7207
41028
10785
35692
35060
23086
41101
44516
33162
26977
44223
35754
30346
44208
22026
26508
5690
16507
5102
43786
21874
12473
43078
19371
42302
35821
27070
27055
40789
36297
32651
44224
41980
13085
11735
21078
20484
42468
23393
42620
29078
6811
20012
26982
26361
24737
40894
31686
42035
23256
40061
34933
40633
43750
18048
40561
36104
9599
32341
29536
9298
42122
19570
13311
21401
40123
21555
27292
12364
43434
29759
31374
34914
37781
33072
21827
42667
15968
24703
40337
37617
10052
26580
14685
42899
39437
29438
26906
13248
31604
43655
43817
38595
4373
29132
37512
27186
39348
33926
29694
39433
28591
31694
25996
42473
8311
42054
26117
20345
11537
41021
34152
33596
30522
7373
31495
22238
15561
2511
42941
43081
40590
13922
33622
41139
16132
38283
43159
39272
15177
43807
22568
36272
39993
30497
31046
40023
26040
21956
21789
17222
44248
30979
12863
39554
36120
41503
29292
35332
28142
33815
18647
27944
44145
21877
20326
4174
24792
10635
11616
30754
37298
35230
20212
5841
35430
19607
24285
28065
43201
38907
42407
22630
27681
39377
30157
41646
42910
35104
18650
14512
3688
37671
34212
23266
33474
37433
34188
41743
15728
39257
21157
40956
22895
30184
22320
30947
16628
38207
3368
40811
30314
40619
41914
33247
44232
41456
39189
39939
7499
27084
35856
30975
35200
34887
12502
33621
6734
37840
33202
33691
25997
22272
24227
42882
24682
37937
34024
22867
27530
31969
17691
29787
42715
44502
44167
16780
35695
38270
34378
44689
33269
39752
25546
17657
11638
18742
21943
40074
29988
29523
31557
26968
20784
21566
44245
34149
6832
10622
20645
38929
7161
22522
41636
40889
23282
32060
23568
22284
44481
38060
13277
36663
31296
28747
6045
28132
16381
23612
6924
29591
43461
43718
10020
22216
28156
33280
29551
24275
2617
33489
24544
22972
40706
22596
23281
14280
30729
35112
34658
23700
18831
39332
26622
40697
34616
13077
23031
43406
38181
36885
24988
42647
27128
33412
9878
9841
39085
19620
14691
35566
13467
25992
28309
21468
36612
32758
15493
11786
23207
43448
26925
41460
42736
40919
13275
39526
27686
23019
41722
16093
17563
28564
21950
36971
30826
16905
37446
21699
23142
15983
44150
14298
23699
5558
28202
28169
40224
35958
22428
43155
4810
39538
43055
32992
44443
29525
37082
24027
29779
41915
35326
23322
32712
29428
35932
36525
28502
34896
33418
44487
23943
6662
36948
23792
25029
43225
31671
38820
22816
20970
37646
25623
34164
18346
33254
34346
28194
43307
34622
40694
20290
35679
34406
23362
41108
41156
43555
30496
20034
19839
7922
12097
12982
17009
38222
38117
30752
19677
31837
30768
5864
8081
41618
25923
29530
6488
39210
36120
38760
23073
23452
37829
19824
8465
28576
28676
22069
22844
34700
41552
41176
5186
16074
34408
35450
25646
38737
7953
44431
18564
13641
33082
37458
16554
41401
4770
8453
44629
29223
13171
35136
40639
39928
36633
30114
28443
36433
25309
25112
37608
36471
16837
35190
43816
30085
19166
41227
18485
25359
24563
31115
24263
23188
38526
33918
44667
28246
26707
30756
22498
23052
25388
40330
18576
35477
35822
32756
39617
18710
34019
29852
40454
20494
23664
44100
38511
16647
35915
34520
35785
27860
28251
16473
20354
22430
19556
25627
35283
17779
22905
44668
35413
34214
33575
43549
25896
12196
12785
26977
43592
20280
36397
29007
31516
30801
30338
40287
39144
44543
8143
15782
21570
12348
35594
29769
28979
9215
13319
29416
42735
44183
7376
40248
18299
29732
25955
21200
14157
31027
22167
41931
7527
36937
41867
31764
44571
43838
33401
11805
40867
32353
21513
20402
21131
33086
33112
33777
34254
41417
4192
42887
28785
2922
36352
36576
40759
44418
33857
39783
29074
26893
39296
6497
22376
36508
41534
40491
37362
23014
7747
5410
34570
29724
40801
20247
6899
25068
35277
40050
38598
32341
20060
13059
39451
16979
39718
28115
3285
36848
43469
37621
39691
35430
30895
29999
38405
40669
12020
43347
41369
11716
21610
25851
43723
19445
4539
42575
8257
42225
14676
39907
44284
24201
42854
9761
9933
43207
28023
22441
32899
15314
16863
37458
31424
20586
12532
15465
18942
42219
26383
23134
29033
40632
25128
32557
40043
29557
30659
33270
25680
36545
13952
37666
31310
27262
30873
41591
28105
19074
35776
16148
39421
33117
20450
14379
32679
37758
17937
21198
42196
19116
32225
26073
40305
44151
38287
27461
10971
36060
42380
20225
33790
25817
41650
8915
9385
18422
32241
30033
20207
33408
26270
39451
40649
44509
19584
44007
37026
9911
12369
42473
34264
13465
31320
36691
36330
35355
4613
42879
21532
36738
42007
44201
35440
26762
33093
36513
16892
20578
32116
36651
44663
31233
25028
37878
43937
27383
17869
21982
31929
15277
44521
40958
18195
27214
21021
33576
44272
20008
33193
9428
21715
34202
38837
44571
32036
23631
42141
26505
32573
33176
21559
38115
43928
38447
40744
36880
37329
34778
9374
41254
43410
43856
27435
26342
39862
16296
9010
38089
32958
44298
42593
24192
9130
6108
18398
20455
32563
25312
30777
43726
43219
17721
32691
34793
16643
24706
1494
36727
42642
26072
40545
6184
27137
39198
38296
8653
39483
41752
41306
43274
14531
19658
7660
31858
21242
38808
31207
38108
27162
13695
26293
27337
34918
37079
7047
32834
31722
44701
38787
33512
8518
21989
44574
2194
34362
25450
30565
22541
20006
23301
42081
43393
39007
34397
20434
23769
42345
34133
37024
30255
10927
23105
24180
22277
37486
4289
36098
19216
41996
16659
13200
41292
14806
31716
41200
16252
30841
38958
4268
33440
18115
36194
29556
37200
35553
11145
24047
15643
43370
25821
42651
32291
29293
41288
32550
42166
38886
31928
28594
31464
35929
37146
39228
21317
32218
34954
38592
44292
21336
40907
15348
14668
26890
39598
19046
23673
44109
38789
31169
27035
38711
35848
21293
35543
34003
7430
40400
44191
41430
43243
28781
39852
42948
28628
17189
38280
42418
44495
23667
29367
13472
16634
37349
20816
43159
31103
12138
22455
34364
26948
43875
39883
27370
5572
38522
8022
33346
22246
42311
25474
26295
44180
30333
33711
34132
43743
21771
19705
41635
35367
29819
10766
33255
17905
17074
32058
29951
27302
25428
30056
31014
24844
38920
35642
38953
26808
28555
25665
28483
28998
41457
25842
43370
29035
28712
41543
16744
9579
28437
23507
32658
35191
11289
39950
25439
40971
6271
38860
21704
18730
22238
29007
42082
15059
34310
23990
15275
44357
25904
33569
24309
14246
20145
19606
33613
40121
42686
40328
34661
23293
36194
42998
18405
22929
31599
14381
20319
32479
26495
43903
41576
40541
31534
27449
35272
41453
16037
20626
18743
19664
25959
43439
44688
20167
44085
31844
37844
25047
14122
33297
39833
37337
43153
24891
43586
16296
39274
41661
33292
23354
32302
34831
34765
36062
26553
40791
40795
23538
38678
30520
22328
16393
41439
31008
22341
38725
5324
36920
20722
32345
26915
39550
37734
6419
26239
40648
32745
28978
21619
25135
8845
39439
29200
21138
21216
40860
44224
30727
15627
33609
2803
42235
21571
31034
3943
30020
28040
17282
39437
1660
33531
30876
28482
43436
21868
27099
20469
27931
26383
42295
25910
25662
17982
41611
39438
26354
21989
40096
7117
36269
24556
20052
34090
9225
31172
17668
40138
26060
42164
43609
27991
38176
39637
19964
44561
37040
24670
18707
44656
34572
14096
31476
35671
42691
41295
37923
30488
23479
21722
43979
24094
21736
43927
28959
29822
25577
31172
31277
25265
20123
2483
41301
30585
43664
35974
34710
43518
25237
9839
36747
30405
31325
20221
26815
27493
19701
29547
14606
36409
30306
41990
24346
30873
41569
36454
39841
32704
29851
30892
14998
26286
29034
29462
38046
8196
35881
25603
13004
31465
32721
16492
34172
20134
17259
34785
42032
38652
20364
32112
40576
23135
42208
12015
32709
27515
44617
31952
15367
41993
35837
32649
24610
17712
36370
36257
15644
24364
36902
28911
22510
20161
9564
18364
39470
6460
35388
43765
15311
36257
9979
22902
37878
30036
23318
19443
41876
24133
33515
43436
23119
35600
41863
34451
26274
33944
27104
41837
27925
39993
28327
37327
43653
43025
28498
35329
43451
34155
15999
29580
39555
36901
41313
17612
42029
23056
13253
36448
20057
42579
19257
33001
30136
28555
39637
25671
30353
34990
44512
28960
26380
35622
12426
36579
21342
36891
41818
14250
17030
32692
37044
34421
38985
40825
44270
37548
38599
34051
44068
20646
35750
39342
20153
27991
44200
32314
27629
39055
43429
38894
29205
43097
40139
38052
42278
34618
6286
25383
39892
41564
21257
29248
21176
27815
33965
41772
41917
17208
41538
43222
43616
25365
26817
17054
41321
33085
40811
25053
42194
10997
28625
34026
39187
40955
38926
20701
32154
26897
39155
35636
43003
12982
22930
25715
19222
11384
25370
20455
15137
33527
37653
20107
18777
30190
21370
42852
25887
27776
34152
39248
29642
6508
42804
26943
34094
26120
31389
26761
33366
35579
44101
19781
40451
31082
38978
42386
35178
43201
33787
20503
35894
34882
28491
23875
28633
25622
34544
23425
35252
43547
24478
32744
36042
34990
42498
26703
38624
27726
38612
41856
10431
19278
32513
32778
41647
31963
31101
16061
42868
43569
42893
35821
21966
12726
30014
44102
44495
36552
34404
41668
30581
32452
19985
38343
44275
37242
35753
32200
28210
38234
36764
39799
36692
31920
20077
34312
31319
30144
31182
11254
29535
12659
38187
35014
19425
38891
31524
18096
31422
31803
40701
8203
21077
10157
32775
43565
38473
33334
35975
44205
39146
21529
33234
15344
33643
34994
25509
18199
36824
28230
29586
9290
37755
19541
12794
36485
27092
30136
10646
20659
42772
35791
28487
17867
21850
23989
35052
24724
33215
15919
20802
32753
35328
27253
43875
37177
21677
20377
23267
18007
37794
20235
42864
24303
42800
39675
33496
26307
26318
25002
44346
44628
22807
43640
34097
8374
33924
44689
12891
39235
37690
7190
42434
35922
41502
41044
14346
36389
5946
32741
34350
17106
41819
37113
33721
17656
29527
34299
12264
24450
39714
9414
33713
20987
40584
15498
34776
38923
40357
38396
12035
24676
8158
35788
38058
29083
15037
34202
31788
17795
23505
39754
31145
9446
38163
34271
22559
40019
43159
13818
36150
39794
36908
25251
16208
43578
23508
30315
23887
39937
31432
33716
41739
27231
38657
15483
36721
43667
39859
39590
19684
13468
24204
26185
16993
41160
23163
31768
37872
30188
15440
30814
7503
14126
24837
42973
25641
21335
39790
16901
35317
36354
33363
13496
17821
39321
26659
43416
39830
42086
42883
29953
35616
15205
32402
20380
41251
21749
38521
44224
34391
14197
36655
42950
22338
34000
41357
26525
42953
15254
29668
44256
14957
21992
6457
30841
31642
14992
39556
44391
40460
29618
30666
23048
39540
36350
21919
43331
40749
29667
33403
42073
16046
6921
32980
39967
24459
21033
41643
35972
37151
38540
11631
17364
9203
3673
38555
42839
12194
36121
42853
22943
17742
21144
28760
30242
31474
42691
44049
37686
20932
42654
30034
20248
11380
42167
35809
36581
37624
34681
10711
26443
40023
25472
40329
17746
40541
38580
28917
32354
29455
36163
18188
27466
30234
41426
39964
41665
30602
33362
35679
32404
43013
11179
25388
37877
17852
34483
34785
9880
21513
44445
39714
42382
35016
29245
39819
30272
15240
16378
22031
42475
34974
33799
27487
44312
12279
30303
31723
40518
29067
39416
31875
19910
33857
44299
24472
27801
18790
15935
43631
36655
34404
24880
23723
34594
27627
17424
39511
41488
30793
28153
27754
28488
28297
19454
23642
40660
37294
5875
20222
20885
26643
39214
28782
35787
26455
39363
32746
19916
14844
29932
13590
33303
31516
39217
28760
36705
17645
37161
21681
41632
44386
33023
43596
5521
34873
21059
17882
42831
9483
19536
21910
38034
39586
16482
11393
40863
31095
38995
17596
42743
22673
12689
12733
39970
36720
44614
36617
39183
19583
28356
39603
40694
25696
17138
25608
24714
26073
41956
29196
44420
44009
38603
15705
26255
30698
36406
31887
9467
37959
29685
43200
8353
36902
18719
36207
42798
22220
40718
41252
37276
24500
24257
36165
38612
16269
38115
41848
42736
38182
22441
22846
23549
43262
41265
33995
44549
13032
24124
41170
38517
23278
8493
31542
44290
22998
42951
42678
10624
36794
16616
35846
28044
15865
36865
23728
10007
25835
37685
36645
41140
28829
32066
36454
40755
44417
40476
10016
36275
12269
32862
29819
44261
7195
26771
42577
25341
31783
14864
30053
44225
34366
39741
10575
36022
31870
26418
44267
36130
40184
23741
38387
42363
16026
31495
38289
24519
15381
44144
22647
32509
22787
31905
34788
30151
40400
36873
19462
36154
27832
29833
38072
35282
18977
35394
42786
24613
20000
10054
12145
39100
2119
34045
13314
33612
17126
21139
41608
40686
27644
17870
31845
9834
38544
41231
29348
22542
14910
9672
16044
22484
43184
33454
20470
32870
24838
44314
38710
37975
23348
20194
44695
44311
38731
42521
35341
14678
15593
37162
32917
25886
30700
41042
17749
26769
40298
34933
36933
25171
31260
30427
31345
31178
41038
31007
28050
29404
37997
23101
17222
16382
18216
19992
8323
10448
31289
31692
40074
21716
42454
42409
36183
14280
36546
34752
35525
31571
37365
19267
41229
28947
29249
16924
41706
32303
17121
37143
31879
35908
7968
34259
38694
32965
33620
15513
18028
41749
31189
34263
42572
38829
30553
24326
37723
10463
31681
27478
38845
5496
18759
43884
40364
18961
39637
12653
43882
44576
42403
38874
41128
22656
24660
37166
16436
25793
43325
33172
4822
36902
33597
29434
28093
23310
25489
34527
28466
34730
23691
34469
40893
35462
38647
21059
30819
35492
28899
32115
18207
33915
35297
43033
31019
10066
6029
24927
41362
42297
11605
29170
36382
31391
25196
36809
28308
38676
35689
32422
24417
43930
23344
16008
20634
28650
31704
39306
42098
32839
27224
14800
29703
32025
40305
30278
35760
44226
39538
37402
23987
36341
44263
27702
43640
7619
26078
26002
22110
11515
28925
39726
25473
36258
42756
31962
40636
32616
27847
10645
22576
34036
29226
34770
35226
31124
18676
37617
25379
13711
30152
22856
24415
43714
37254
27913
43936
37553
17645
8831
11876
24733
39025
37414
22360
44090
18084
22435
33232
40023
25611
13772
39724
17006
24682
41295
43287
36190
43060
40377
38549
19004
44624
41452
42472
41364
11590
37928
39554
39122
22453
22825
7859
40892
32121
24760
21988
39510
40435
40699
17558
44309
10698
30745
12113
22170
13916
34890
29249
43372
22919
10155
35141
20268
17672
33204
8435
25390
35705
35215
30238
41050
44135
22940
28191
20134
12694
32032
41527
8076
24767
12965
33660
27502
41993
39442
33686
22915
20950
16032
22459
43838
18514
14629
35756
12965
40699
18308
43656
29723
19784
10313
42442
26564
43877
14590
41191
30552
22410
25138
19988
43304
37266
39687
33930
38276
24402
39094
34662
5272
17782
37622
16627
39066
32820
14774
33719
26429
44262
30353
40757
43373
42072
17602
19148
39484
34360
9720
44060
38770
21562
25721
21363
18919
35711
43881
19686
28563
25228
14841
15948
24769
44039
42339
39394
41300
17058
34770
9598
35372
44295
4802
6119
35968
22945
29590
26733
17677
33629
37232
31969
38218
3282
35395
34449
43805
19875
40367
14134
40966
20010
17148
40968
23095
37130
39925
13461
17484
34037
32508
25758
33330
39323
44224
39471
7165
40451
38030
41270
23993
32718
21206
28828
19114
20702
31864
9781
35435
42741
15843
15347
2354
25085
43619
3561
26694
28615
21209
42677
35880
30500
27983
3882
32769
44236
20677
9539
28657
28189
10577
14459
33560
32870
38742
44624
44183
30862
21898
14788
7618
36645
35163
14397
32224
43586
43775
30191
35123
30630
22959
39239
39296
37578
20770
11518
24535
33736
37513
43072
38891
10850
35818
31637
24949
41026
16135
28596
28431
40074
35157
39400
21704
22590
40361
25287
30753
44560
17834
28638
34870
39541
19270
10625
37203
37283
33657
38072
19185
36579
37790
20829
31664
30737
27652
23803
35654
19802
20011
43302
39337
18057
20461
11646
41850
42313
28149
35796
41200
37097
41585
43130
44265
12661
40174
37408
33398
42975
38723
36700
42782
22843
43985
15952
20473
34931
36901
43735
28310
38347
33331
34797
33231
37965
21725
43779
34397
23206
29895
32714
26359
24667
23320
38220
16776
29040
34506
10922
37889
15511
33422
7995
25606
42934
14795
44153
38926
44129
17678
42509
20540
22080
8143
23884
32198
41340
22577
33323
29964
31807
17081
40387
23835
34754
44075
42112
34769
17677
10142
32052
3271
40557
25148
25987
26726
26525
19691
30146
26141
33635
18394
18167
32369
32663
42182
44166
36744
33896
29583
25692
44536
10915
19533
16424
40737
16477
30215
20741
10306
24743
36024
35969
33242
35280
26528
16875
6047
33808
36437
39065
37211
21389
43566
41690
22646
43509
44709
32058
10308
43491
20668
31725
33151
31204
25832
35793
41916
38527
32983
40927
39526
40837
34408
35953
43200
25181
44643
33764
38742
21808
17725
16027
34071
21049
29378
43660
33206
17300
32890
32117
44407
35613
15876
41710
21524
41049
34104
17366
10770
4972
23364
37909
34092
43707
32264
33488
26878
38093
22721
16377
26810
29019
33575
37922
25552
32602
6805
22477
32084
38555
44603
27178
13255
43689
39813
8452
37754
33592
39030
17440
33806
23773
28053
20673
42241
38169
38555
33538
20507
39669
37103
35740
21922
41726
29739
41532
33098
42870
40668
15384
16775
25680
28277
36368
28814
32009
34145
24978
39008
37352
6116
40339
37683
43778
39092
40254
36147
44143
25879
42097
36530
14022
22388
19895
21867
31155
31006
27697
24837
39910
42800
41516
20501
11287
31457
17087
21912
30253
16273
30456
30282
11477
33395
21291
29504
27219
31248
39634
19109
43124
31775
35458
22684
35628
22111
29297
43139
25106
38430
35191
33240
24936
41005
13131
27897
17222
26857
31824
36201
44035
35979
38069
4609
20152
19636
31046
31634
13963
29482
36441
2111
44204
42537
35706
27101
18788
32788
39692
33129
3550
26264
32009
37014
42357
20950
28406
14546
16142
19843
28655
4439
23303
28905
38057
42931
30096
28682
44489
18523
35919
36806
23827
18262
33849
34051
41058
41579
25239
21328
43690
36908
31561
11871
25238
33683
22457
20696
22955
27339
34323
36541
20285
36814
28364
20406
27268
18760
35965
27814
12427
26296
9466
42197
20876
39917
42555
12964
35288
23679
41634
8384
19604
30426
35482
32118
43733
38230
10356
22380
42510
35743
21575
43639
30227
42389
34450
13348
15349
43696
24643
23723
38015
34025
39668
42476
36187
16816
43850
11346
10308
36531
38278
27491
39556
28689
44549
26539
9627
23879
44570
34722
25685
26730
23733
37254
35479
31596
10206
42128
24887
40709
43608
37592
34215
31168
28078
36129
39852
36671
32882
37524
22680
41519
24339
40918
11914
32416
41556
38111
32872
16704
35439
20924
43022
40824
31891
42687
39217
37452
17999
21958
32983
32970
11874
26865
35739
20619
36263
20941
39701
40323
22410
9667
34403
40506
19458
38200
34151
30691
40220
42249
30512
30384
29979
44379
37153
38484
43365
19672
25700
37660
24340
12779
33178
28072
22765
43301
38582
9003
27518
23176
37915
40695
14136
4043
30288
28948
22695
31528
20155
35678
20907
42868
31011
33483
43896
32931
9250
33864
34190
26090
41358
26616
38143
37270
35137
15935
9564
30567
10026
31968
42213
20672
42901
40989
12767
32506
15792
25216
15063
44536
19337
25321
35325
43071
31897
21078
29915
37651
35774
22174
2003
28815
23775
21589
30614
17604
43264
30103
29507
38390
41733
35778
36413
32752
44316
17036
42387
41603
29046
35820
15756
16724
35585
41516
43595
41300
36853
19910
33188
27340
38931
37142
42084
26419
12771
26531
29752
16567
20443
9494
22663
43668
27617
20596
31352
36967
24294
44420
40809
17917
25874
29508
30860
25067
35890
26631
34164
42147
41643
20451
32100
16284
5208
31852
41154
15052
37164
29533
31324
38702
27639
41891
25792
37886
16138
33935
29690
18072
26551
15636
14282
43660
2041
42991
29328
28799
32142
7118
43317
30939
44044
14105
30037
29819
42006
43303
35786
39540
38858