382
366
354
447
398
208
246
180
238
293
326
48
294
304
429
150
227
373
302
175
67
388
176
180
355
237
266
180
178
404
323
223
202
253
427
30
322
336
219
310
222
153
384
430
433
229
258
359
237
440
77
194
326
72
137
396
298
109
282
447
406
85
199
128
406
255
219
372
321
320
237
406
416
428
151
433
400
350
342
330
386
252
125
409
424
328
342
376
346
179
369
283
168
235
203
211
193
186
240
295
341
224
437
241
303
343
274
145
418
420
236
306
398
288
329
349
128
238
262
207
420
313
324
280
354
248
401
429
189
392
282
282
339
267
424
423
355
290
342
371
239
167
132
292
420
341
113
331
276
231