2226
3972
3285
4460
1479
3663
3016
2832
3657
1138
1206
3140
3365
4282
2158
3807
782
3685
2867
2488
2802
2874
1191
3174
3957
3305
4033
4219
2546
2670
2211
521
2107
3887
4289
2786
1844
4054
2112
2613
2403
1739
3247
3507
2306
4199
4125
3361
3888
3545
3901
2563
3672
1438
4267
2149
2334
3888
4161
1761
4372
3889
4124
1662
4472
3365
1925
4086
1298
2655
4367
1703
3953
4022
2138
956
1042
4244
4070
4027
3193
3960
1858
2440
2189
2287
4121
2912
3518
3745
4071
3526
2867
3843
1112
3668
1514
1259
1722
2773
3058
2592
3521
2176
3278
2729
4283
2931
3028
3473
3093
3808
4100
2332
1839
2112
2505
268
4299
4092
3115
4153
3500
4082
3159
4335
3745
254
3876
1256
1925
2788
2062
3639
4003
3833
4360
1248
3241
4137
3916
1446
2561
1850
4276
3334
2943
1665
3637
3417