11816
7555
9356
4127
10503
8869
5548
3724
12416
10033
9449
6231
9048
11480
10317
12325
12870
5205
11847
8206
10110
9786
6198
7166
12946
5879
2419
10932
11436
6933
13573
9386
8209
11399
5286
11077
6604
10194
11993
11936
13453
4985
7455
12071
12050
10022
12937
7816
12922
12730
5136
11539
9211
5653
13360
7804
12469
11141
13470
11748
10852
6679
13014
8242
11250
10561
6393
12505
8281
6881
12277
10502
12595
12174
7182
2873
11020
7862
1978
12953
13636
8955
11050
9656
10229
12927
13209
9119
13314
13769
1678
5153
13057
13162
13329
12747
9749
13015
9960
11661
6844
11996
13761
7547
14128
13962
7689
8145
10540
6211
9148
7375
7882
6210
13282
11536
13928
9395
5640
10042
8540
9203
13331
7078
9162
7597
10791
7420
9404
11322
11516
6199
11899
13261
9779
9662
8133
7583
8293
13449
11257
4330
8633
9873
5354
3422
9832
5801
11426
4926