13269
12400
12395
4619
10881
13006
8088
2312
13595
10241
7280
9952
1428
12620
12091
11428
8003
5346
10009
1500
5179
12693
7644
6660
8118
4462
3642
12056
5764
12900
6463
7143
13537
7864
4732
11025
11088
8579
9917
13510
4457
8876
10694
4095
5767
5894
9711
9524
13644
9359
13821
12884
10435
11352
8347
9047
5489
10072
9416
6945
6828
13478
1944
11406
1373
8998
12073
4771
13913
11088
8690
7018
3009
6899
7910
8647
12793
11792
12924
12269
12260
6301
14093
10039
3264
12234
12542
8072
11579
9150
9995
8726
14099
9913
3586
11865
4719
9635
3864
7387
12196
8633
13020
5947
5688
4887
5424
9645
10108
7629
12625
9527
13989
11175
11335
12209
13837
13960
7384
12097
12081
5461
11727
7894
13673
4394
13365
9983
13687
12709
13495
9481
10333
13325
2524
11422
7086
8032
12899
12676
10132
11354
8945
9990
1029
1801
7130
3970
4157
5522
9033
12107
12354
13433
11475
13265
8327
14107
10555
10399
9385
12458
8206
6067
12899
13576
9150
13774
11777
10729
8095
13721
1628
14092
10059
11030
5010
8647
13428
5652
13738
13001
13580
11754
6095
12772
8148
5924
13160
3152
11458
12721
13766
11693
4751
9188
7860
7691
13074
12444
13448
6712
11620
4535
10147
6718
317
7859
12949
6256
12692
11891
6818
12466
10237
8823
8687
14085
11974
13407
11677
12918
11398
13844
7338
14074
12517
8809
7262
8737
13424
10137
9156
4996
9327
11741
10976
13710
7799
7592
13753
7532
7422
11962
10507
9293
6408
4306
10245
13059
3289
9319
4447
7910
12022
10749
8471
8956
11044
9097
5463
13690
7314
9591
3280
12375
9781
5833
2927
1100
7972
7882
13994
12694
7839
2113
12882
4608
12902
7124
13837
6909
13912
9883
14135
4523
9374
9194
5102
9028
12490
11726
12326
5316
10752
6905
4809
13572
4279
8652