42893
40355
35898
32358
19743
42317
32381
35094
39736
18609
23761
30084
20654
42117
38115
42288
42489
43657
42710
30490
43032
31298
39477
27697
22658
29154
10893
15682
44005
24624
43677
22023
24748
22096
41383
31020
37212
17751
39685
35379
25697
34480
13409
34168
33159
5281
27977
9051
22806
38730
17711
13328
17942
33626
36919
13113
43320
36945
34994
16748
29916
38814
4072
32543
39016
16846
31605
29282
24538
38791
36142
37696
26604
32125
8335
32572
4742
30788
32016
28915
28688
23864
34499
41119
22105
44097
40322
34782
39684
22941
36707
10955
25973
26243
40434
20336
27612
30361
42285
38664
43460
4916
41917
38556
30377
39780
12795
18577
28295
35392
38374
32898
19314
26376
44099
44416
42542
40496
33621
23711
4564
21318
30095
29248
36452
25758
31864
19622
40919
34860
35211
26478
40790
29303
17295
39047
41480
34832
34626
41751
30098
38201
5123
42958
42328
12970
20697
40185
3005
42407
35440
36218
25968
28525
30771
38366
2906
34572
44318
40108
38209
19350
27598
38999
42328
37586
15144
38928
34818
35470
33641
20185
27418
27913
42399
29873
17627
40325
17376
42495
38291
30717
36006
14874
25110
4254
40791
40068
16598
42065
11212
20574
22822
40216
43974
18239
21646
26206
35575
37357
28081
40400
23876
39662
42772
11865
44014
27713
16276
26498
27510
19078
21483
43121
27957
18566
37243
16511
44166
14406
41238
28118
30703
20415
39276
33485
18436
41786
27912
33570
31564
23343
28329
43177
32322
30417
32186
30258
37919
34171
40008
34668
20216
21814
37641
17752
28399
39129
28484
25486
29452
19450
7754
36202
5514
6440
25263
10589
37578
31809
21738
44299
29626
8906
16147
34287
38989
14792
41426
36995
37461
35928
25935
41937
31927
38302
34386
11024
44675
37712
16256
39963
24136
28697
19576
43850
24168
16246
32450
14961
36388
26530
30610
17141
40286
14834
35469
41411
24165
15515