36225
30560
29518
37208
41511
18911
19852
44692
40694
40536
34004
41327
13899
29078
41171
22131
32880
23092
22884
41917
29335
29916
37391
31113
22819
38379
37746
16934
22350
30660
40055
24909
37781
33632
10591
23995
35262
35749
38718
39627
41906
32966
35346
39805
13294
43669
38917
37161
40795
16507
38543
37359
25829
43379
35855
14632
28991
33648
30950
20472
26453
44009
37042
43069
30756
15892
42739
38155
15450
34665
22538
41285
35203
27200
13330
38623
18526
44084
24903
16708
24655
19538
17423
34645
44674
26538
32760
40820
39228
26952
18919
32798
16546
29976
39910
29232
16141
26969
23914
33697
44702
32067
31897
40216
28509
31046
16156
27728
43552
35264
14251
41698
35940
27305
24350
27304
18495
32108
44423
37820
6620
18288
38650
21354
25602
42684
27106
37273
28124
26569
37175
12888
33273
41483
27375
36055
22134
41143
32158
17025
33043
27823
29557
28850
31708
40733
44294
19898
15932
15780
43764
43900
20876
42583
38214
36914
41727
26142
24703
32689
13961
27914
8207
27189
35466
43007
44111
23773
39555
36318
35391
19451
36527
11965
43239
38507
24092
23441
38777
40041
22186
31159
43065
7185
34555
40276
11610
30409
30392
32100
41698
41204
38165
4853
30437
19056
35038
37669
30552
14270
27238
7436
24400
33900
43280
33206
21996
43207
10346
25461
16905
29087
27792
35521
35026
34390
31827
40946
34113
12934
20118
38161
36900
35386
43755
22957
34834
34818
38538
44026
20199
29252
36362
39605
8003
27969
30072
42030
41722
39661
22301
35138
4692
9797
36957
43148
24269
23304
32530
41750
31076
41944
17659
36083
13844
30872
24241
13771
43044
28000
42968
28498
38072
34339
7623
22266
32046
41780
43437
30892
39958
20493
24209
42178
37261
22787
41498
40035
31323
25680
41962
44612
16867
39889
34302
35449
31096
32621
32527
16720
41770
18773
24587
43464
26366
34596
29002
14334
39213
38243