38643
32337
33168
11082
26543
24349
28436
43613
18378
30901
44060
5838
40733
40797
25220
14701
8569
35100
20408
44330
19351
38216
34492
21122
10874
44499
27683
29839
25188
28295
44150
25961
38898
29879
43464
2631
34838
29806
17533
34235
39311
42932
14756
35013
31805
40537
44288
40501
44339
23943
43751
5574
7152
42530
16298
42338
24103
27555
39045
35147
7299
36003
23584
28796
19704
40634
8025
25599
44671
41805
29774
39531
33544
12975
44094
16172
29606
19247
24226
41130
43017
34746
24579
33075
9321
36512
18038
27964
13133
37560
31667
39971
39953
18352
33261
28476
18292
38192
41275
36362
24528
24611
40104
9921
41725
25057
23805
36372
23327
33734
41669
19609
18053
44675
13614
20904
43342
41476
42116
13992
43548
28694
26516
30418
37179
17253
27179
11605
30140
21488
28499
24836
37325
43918
44517
37847
41888
37554
16084
43626
41004
14967
29294
32695
8242
35375
43383
27162
44076
35358
23302
20898
22966
31391
26310
13677
39621
29758
26610
42538
25937
12775
31522
29403
10619
30046
43143
32920
28867
21926
37875
7305
37596
42844
16614
37002
17716
25329
23798
41642
15045
43660
34020
28607
16915
42792
44533
38169
41735
34713
42260
29006
14335
38710
37731
42100
25419
41428
34868
25676
43301
37435
29589
17803
17193
32485
33810
7402
27874
36814
31886
33179
42118
28238
26220
31945
43873
37816
29489
15926
35277
29106
40473
9222
27851
36188
38388
27522
44151
11422
32044
17637
33017
43210
18419
16977
40512
8371
41851
40016
23414
34645
37626
29536
35214
37777
8108
37542
42715
41842
19471
33215
43052
26084
41197
42928
32771
28772
36894
40589
33182
21547
25707
39210
38943
43410
32516
26475
31701
39362
16668
25209
30228
21262
24680
23389
42933
25705
39375
9232
13482
41556
37489
21686
36796
39247
23560
42867
32454
41688
21089
44066
19675
10124
30057
7771
33087
43983
35886
16501
41125
19983
34918
20335
12963
43953
40867
36768
10076
20529
15739
39297
11179
26263
26917
23731
23763
35915
8178
24034
19816
36087
22950
40733
35184
42738
43809
19211
32322
17444
29988
31943
41866
30187
23217
26437
40837
30986
27243
35270
9096
18548
41067
35834
42305
44476
37991
30112
29732
13709
21861
37176
25042
43925
33514
39494
28571
21990
44146
22461
33551
29286
41965
43844
25990
27737
17850
36763
34866
32505
42611
8481
32788
33908
24714
16793
30515
19221
17715
33935
23644
33506
40885
43403
41803
25057
8198
35293
39102
22249
27463
43259
19771
25629
23540
41065
20840
17895
28412
27503
27756
12090
42357
37026
41478
9321
31311
34811
44105
40597
42357
42851
20672
41179
38560
15583
23623
19504
18001
28932
7440
28077
43214
18864
32345
17457
34494
36557
27420
16335
23615
15998
33528
25911
22476
41597
5268
24631
9459
39086
36980
22461
41710
23030
23540
31343
20876
22623
27532
24114
34510
20972
36569
42677
18932
30970
28951
22352
24998
21044
17027
25376
43353
24679
43235
36957
38044
37189
28729
14433
19837
37940
38747
39804
36980
39378
26491
22825
29422
5839
7990
11246
30435
34327
28941
23882
3129
40578
31355
42790
24039
36352
41847
42955
13815
22476
15422
3956
40234
32697