Edwardz 1984 7
Andromeda 1521 5
Pluto 1516 4
Camel 1912 4
Quanzi 1212 3
Ted 1312 3
Vincent 1379 3
Andromeda 1384 3
Carber 1828 3
Paul 1003 2
Alice 1153 2
Dami 1204 2
Carber 1225 2
Vernon 1237 2
Redwood 1337 2
Selina 1359 2
Paul 1426 2
Robinson 1455 2
Ted 1478 2
Washington 1551 2
Washington 1586 2
Edwardz 1630 2
Sunny 1636 2
Jason 1665 2
Nody 1681 2
Jack 1809 2
Wenly 1858 2
Alice 1888 2
Camel 1986 2
Tom 1999 2
Terry 1068 1
Terry 1202 1
Libby 1226 1
Dami 1233 1
Sunny 1291 1
Libby 1293 1
Pluto 1335 1
Cindy 1373 1
Robinson 1531 1
Quanzi 1538 1
Jason 1549 1
Wenly 1575 1
Redwood 1583 1
Cindy 1616 1
Tom 1645 1
Will 1695 1
Vernon 1724 1
Jack 1747 1
Cooper 1798 1
Dorina 1803 1
Will 1833 1
Marco 1874 1
Jackie 1913 1