Tom 1416 10
Jason 1414 9
Robinson 1512 9
Washington 1955 9
Redwood 1314 8
Marco 1456 8
Jason 1510 8
Camel 1748 8
Edwardz 1802 8
Pluto 1222 7
Robinson 1359 7
Dorina 1433 7
Vernon 1662 7
Terry 1721 7
Dami 1847 7
Will 1096 6
Nody 1098 6
Cindy 1137 6
Vincent 1311 6
Dami 1425 6
Paul 1554 6
Libby 1829 6
Edwardz 1143 5
Camel 1159 5
Terry 1466 5
Vernon 1631 5
Jack 1673 5
Cooper 1741 5
Sunny 1837 5
Wenly 1918 5
Andromeda 1970 5
Marco 1020 4
Ted 1114 4
Carber 1122 4
Will 1423 4
Selina 1453 4
Sunny 1590 4
Libby 1664 4
Jackie 1733 4
Carber 1799 4
Jackie 1804 4
Nody 1887 4
Redwood 1915 4
Cindy 1968 4
Jack 1001 3
Cooper 1081 3
Alice 1142 3
Alice 1174 3
Selina 1343 3
Paul 1708 3
Dorina 1730 3
Quanzi 1769 3
Pluto 1953 3
Andromeda 1056 2
Quanzi 1065 2
Washington 1324 2
Vincent 1369 2
Wenly 1688 2
Tom 1867 2
Ted 1024 1