Dami 1270 15
Vernon 1304 15
Robinson 1599 13
Washington 1808 13
Andromeda 1483 12
Edwardz 1224 11
Washington 1231 11
Redwood 1257 11
Libby 1313 11
Marco 1376 11
Dorina 1510 11
Quanzi 1695 11
Alice 1989 11
Wenly 1133 10
Terry 1292 10
Jack 1332 10
Jackie 1410 10
Dorina 1540 10
Ted 1866 10
Edwardz 1942 10
Quanzi 1149 9
Will 1163 9
Alice 1166 9
Sunny 1178 9
Tom 1229 9
Vincent 1391 9
Paul 1772 9
Marco 1829 9
Camel 1343 8
Carber 1367 8
Carber 1559 8
Paul 1655 8
Nody 1874 8
Nody 1930 8
Robinson 1206 7
Terry 1403 7
Jackie 1514 7
Selina 1601 7
Camel 1687 7
Cooper 1705 7
Sunny 1714 7
Cindy 1787 7
Pluto 1803 7
Andromeda 1977 7
Dami 1078 6
Vincent 1132 6
Pluto 1450 6
Will 1490 6
Wenly 1554 6
Libby 1926 6
Redwood 1967 6
Cooper 1105 5
Ted 1118 5
Jason 1650 5
Selina 1908 5
Cindy 1339 4
Jason 1409 4
Vernon 1661 4
Tom 1851 4
Jack 1871 4