Camel 1382 28
Nody 1269 25
Andromeda 1498 25
Ted 1915 25
Robinson 1606 24
Jackie 1321 23
Quanzi 1563 23
Selina 1540 22
Tom 1976 22
Nody 1994 22
Libby 1189 21
Redwood 1878 21
Vincent 1553 20
Selina 1788 20
Andromeda 1799 20
Paul 1156 19
Jason 1227 19
Quanzi 1229 18
Cindy 1357 18
Edwardz 1752 18
Alice 1844 18
Libby 1955 18
Vernon 1247 17
Camel 1343 17
Robinson 1365 17
Cindy 1435 17
Jason 1675 17
Terry 1740 17
Wenly 1953 17
Washington 1986 17
Sunny 1237 16
Will 1671 16
Tom 1681 16
Pluto 1893 16
Cooper 1900 16
Marco 1192 15
Terry 1532 15
Pluto 1987 15
Dorina 1230 14
Washington 1335 14
Dami 1488 14
Dami 1507 14
Sunny 1661 14
Vincent 1867 14
Vernon 1060 13
Paul 1146 13
Jack 1636 13
Jackie 1281 12
Dorina 1639 12
Will 1873 12
Alice 1946 12
Edwardz 1654 11
Cooper 1815 11
Wenly 1901 11
Redwood 1956 11
Carber 1222 10
Ted 1693 10
Carber 1572 9
Marco 1688 9
Jack 1855 7