Alice 1351 26
Jack 1678 26
Camel 1905 25
Paul 1941 25
Jackie 1403 24
Tom 1570 24
Edwardz 1053 23
Quanzi 1382 23
Nody 1205 22
Vincent 1229 22
Tom 1064 21
Ted 1637 21
Vernon 1138 20
Cooper 1521 20
Cindy 1925 20
Quanzi 1008 19
Marco 1027 19
Carber 1202 19
Selina 1346 19
Nody 1687 19
Dorina 1753 19
Terry 1789 19
Redwood 1848 19
Wenly 1235 18
Dorina 1301 18
Robinson 1469 18
Jason 1745 17
Dami 1525 16
Selina 1864 16
Cooper 1921 16
Edwardz 1983 16
Pluto 2000 16
Sunny 1180 15
Jason 1231 15
Camel 1247 15
Redwood 1571 15
Pluto 1576 15
Jack 1777 15
Washington 1843 15
Vernon 1863 15
Dami 1906 15
Terry 1250 14
Will 1257 14
Andromeda 1306 14
Libby 1401 14
Will 1846 14
Ted 1054 13
Marco 1278 13
Washington 1707 12
Andromeda 1230 11
Carber 1851 11
Vincent 1882 11
Jackie 1934 11
Wenly 1094 10
Paul 1232 10
Robinson 1466 10
Cindy 1868 9
Libby 1879 9
Sunny 1656 8
Alice 1785 8