Cindy 1357 195
Tom 1650 186
Selina 1037 181
Robinson 1768 181
Dorina 1849 176
Will 1991 175
Jackie 1172 171
Edwardz 1523 170
Terry 1962 168
Libby 1322 167
Camel 1662 167
Wenly 1350 166
Cindy 1786 166
Jack 1012 165
Ted 1345 165
Dorina 1371 165
Paul 1507 165
Dami 1657 165
Libby 1470 164
Vincent 1861 164
Terry 1137 163
Jackie 1568 163
Alice 1080 162
Wenly 1693 162
Selina 1119 161
Jason 1192 161
Ted 1459 161
Vernon 1554 161
Washington 1668 160
Alice 1860 160
Sunny 1879 160
Jason 1820 159
Will 1914 159
Nody 1217 157
Pluto 1642 157
Marco 1698 156
Andromeda 1754 156
Paul 1317 155
Tom 1330 155
Robinson 1079 153
Washington 1761 153
Camel 1160 151
Vernon 1587 151
Edwardz 1883 151
Nody 1514 150
Cooper 1947 149
Marco 1228 148
Vincent 1018 147
Quanzi 1181 147
Cooper 1912 146
Dami 1106 145
Redwood 1981 144
Jack 1166 143
Andromeda 1207 143
Pluto 1293 143
Redwood 1372 135
Quanzi 1570 135
Carber 1594 135
Carber 1776 134
Sunny 1762 127